#-----------------------------------------------------------
# Vivado v2018.3 (64-bit)
# SW Build 2405991 on Thu Dec  6 23:38:27 MST 2018
# IP Build 2404404 on Fri Dec  7 01:43:56 MST 2018
# Start of session at: Tue Feb 28 09:48:20 2023
# Process ID: 11300
# Current directory: F:/Master/MCI/vivado/safeB/1sec/imp/collection/collection
# Command line: vivado.exe -gui_launcher_event rodinguilauncherevent10480 F:\Master\MCI\vivado\safeB\1sec\imp\collection\collection\collection.xpr
# Log file: F:/Master/MCI/vivado/safeB/1sec/imp/collection/collection/vivado.log
# Journal file: F:/Master/MCI/vivado/safeB/1sec/imp/collection/collection\vivado.jou
#-----------------------------------------------------------
start_gui
open_project F:/Master/MCI/vivado/safeB/1sec/imp/collection/collection/collection.xpr
INFO: [Project 1-313] Project file moved from 'F:/Master/MCI/vivado/flash_cmds/collection/collection' since last save.
Scanning sources...
Finished scanning sources
INFO: [IP_Flow 19-234] Refreshing IP repositories
INFO: [IP_Flow 19-1704] No user IP repositories specified
INFO: [IP_Flow 19-2313] Loaded Vivado IP repository 'C:/Xilinx/Vivado/2018.3/data/ip'.
open_project: Time (s): cpu = 00:00:19 ; elapsed = 00:00:11 . Memory (MB): peak = 814.129 ; gain = 202.957
update_compile_order -fileset sources_1
