#-----------------------------------------------------------
# Vivado v2019.1 (64-bit)
# SW Build 2552052 on Fri May 24 14:49:42 MDT 2019
# IP Build 2548770 on Fri May 24 18:01:18 MDT 2019
# Start of session at: Sun Jun  4 18:02:12 2023
# Process ID: 16092
# Current directory: D:/MCI/MicroController/SPI/read/collection/collection
# Command line: vivado.exe -gui_launcher_event rodinguilauncherevent4488 D:\MCI\MicroController\SPI\read\collection\collection\collection.xpr
# Log file: D:/MCI/MicroController/SPI/read/collection/collection/vivado.log
# Journal file: D:/MCI/MicroController/SPI/read/collection/collection\vivado.jou
#-----------------------------------------------------------
start_gui
open_project D:/MCI/MicroController/SPI/read/collection/collection/collection.xpr
Scanning sources...
Finished scanning sources
INFO: [IP_Flow 19-234] Refreshing IP repositories
INFO: [IP_Flow 19-1704] No user IP repositories specified
INFO: [IP_Flow 19-2313] Loaded Vivado IP repository 'D:/Programs/Xilinx/Vivado/2019.1/data/ip'.
open_project: Time (s): cpu = 00:00:41 ; elapsed = 00:00:59 . Memory (MB): peak = 792.230 ; gain = 211.520
update_compile_order -fileset sources_1
open_hw
connect_hw_server
INFO: [Labtools 27-2285] Connecting to hw_server url TCP:localhost:3121
open_hw_target
INFO: [Labtoolstcl 44-466] Opening hw_target localhost:3121/xilinx_tcf/Digilent/210183741002A
open_hw_target: Time (s): cpu = 00:00:07 ; elapsed = 00:00:07 . Memory (MB): peak = 1993.523 ; gain = 1119.289
set_property PROGRAM.FILE {D:/MCI/MicroController/SPI/read/collection/collection/collection.runs/impl_1/top.bit} [get_hw_devices xc7a35t_0]
set_property PROBES.FILE {D:/MCI/MicroController/SPI/read/collection/collection/collection.runs/impl_1/top.ltx} [get_hw_devices xc7a35t_0]
set_property FULL_PROBES.FILE {D:/MCI/MicroController/SPI/read/collection/collection/collection.runs/impl_1/top.ltx} [get_hw_devices xc7a35t_0]
current_hw_device [get_hw_devices xc7a35t_0]
refresh_hw_device [lindex [get_hw_devices xc7a35t_0] 0]
INFO: [Labtools 27-2302] Device xc7a35t (JTAG device index = 0) is programmed with a design that has 1 ILA core(s).
INFO: [Labtools 27-2302] Device xc7a35t (JTAG device index = 0) is programmed with a design that has 1 VIO core(s).
WARNING: [Labtools 27-1973] Mismatch between the design programmed into the device xc7a35t (JTAG device index = 0) and the probes file(s) D:/MCI/MicroController/SPI/read/collection/collection/collection.runs/impl_1/top.ltx.
 The device core at location uuid_E7FF0C2124325E10A2C1DED3BCFA7191, has 6 VIO output port(s), but the core in the probes file(s) have 5 VIO output port(s).
Resolution: 
1. Reprogram device with the correct programming file and associated probes file(s) OR
2. Goto device properties and associate the correct probes file(s) with the programming file already programmed in the device.
refresh_hw_device: Time (s): cpu = 00:00:15 ; elapsed = 00:00:11 . Memory (MB): peak = 2041.504 ; gain = 44.512
set_property PROBES.FILE {D:/MCI/MicroController/SPI/read/collection/collection/collection.runs/impl_1/top.ltx} [get_hw_devices xc7a35t_0]
set_property FULL_PROBES.FILE {D:/MCI/MicroController/SPI/read/collection/collection/collection.runs/impl_1/top.ltx} [get_hw_devices xc7a35t_0]
set_property PROGRAM.FILE {D:/MCI/MicroController/SPI/read/collection/collection/collection.runs/impl_1/top.bit} [get_hw_devices xc7a35t_0]
program_hw_devices [get_hw_devices xc7a35t_0]
INFO: [Labtools 27-3164] End of startup status: HIGH
refresh_hw_device [lindex [get_hw_devices xc7a35t_0] 0]
INFO: [Labtools 27-2302] Device xc7a35t (JTAG device index = 0) is programmed with a design that has 1 ILA core(s).
INFO: [Labtools 27-2302] Device xc7a35t (JTAG device index = 0) is programmed with a design that has 1 VIO core(s).
WARNING: [Labtools 27-1952] VIO hw_probe OUTPUT_VALUE properties for hw_vio(s) [hw_vio_1] differ from output values in the VIO core(s).
Resolution: 
To synchronize the hw_probes properties and the VIO core outputs choose one of the following alternatives:
  1) Execute the command 'Commit Output Values to VIO Core', to write down the hw_probe values to the core.
  2) Execute the command 'Refresh Input and Output Values from VIO Core', to update the hw_probe properties with the core values.
  3) First restore initial values in the core with the command 'Reset VIO Core Outputs', and then execute the command 'Refresh Input and Output Values from VIO Core'.
display_hw_ila_data [ get_hw_ila_data hw_ila_data_1 -of_objects [get_hw_ilas -of_objects [get_hw_devices xc7a35t_0] -filter {CELL_NAME=~"collection_inst/ila_0_inst"}]]
run_hw_ila [get_hw_ilas -of_objects [get_hw_devices xc7a35t_0] -filter {CELL_NAME=~"collection_inst/ila_0_inst"}] -trigger_now
INFO: [Labtools 27-1964] The ILA core 'hw_ila_1' trigger was armed at 2023-Jun-04 18:36:41
wait_on_hw_ila [get_hw_ilas -of_objects [get_hw_devices xc7a35t_0] -filter {CELL_NAME=~"collection_inst/ila_0_inst"}]
display_hw_ila_data [upload_hw_ila_data [get_hw_ilas -of_objects [get_hw_devices xc7a35t_0] -filter {CELL_NAME=~"collection_inst/ila_0_inst"}]]
INFO: [Labtools 27-1966] The ILA core 'hw_ila_1' triggered at 2023-Jun-04 18:36:41
INFO: [Labtools 27-3304] ILA Waveform data saved to file D:/MCI/MicroController/SPI/read/collection/collection/collection.hw/backup/hw_ila_data_1.ila. Use Tcl command 'read_hw_ila_data' or Vivado File->Import->Import ILA Data menu item to import the previously saved data.
set_property OUTPUT_VALUE 000000 [get_hw_probes address_wp -of_objects [get_hw_vios -of_objects [get_hw_devices xc7a35t_0] -filter {CELL_NAME=~"vio_0_inst"}]]
commit_hw_vio [get_hw_probes {address_wp} -of_objects [get_hw_vios -of_objects [get_hw_devices xc7a35t_0] -filter {CELL_NAME=~"vio_0_inst"}]]
set_property OUTPUT_VALUE 0F [get_hw_probes numByte_read_wp -of_objects [get_hw_vios -of_objects [get_hw_devices xc7a35t_0] -filter {CELL_NAME=~"vio_0_inst"}]]
commit_hw_vio [get_hw_probes {numByte_read_wp} -of_objects [get_hw_vios -of_objects [get_hw_devices xc7a35t_0] -filter {CELL_NAME=~"vio_0_inst"}]]
run_hw_ila [get_hw_ilas -of_objects [get_hw_devices xc7a35t_0] -filter {CELL_NAME=~"collection_inst/ila_0_inst"}]
INFO: [Labtools 27-1964] The ILA core 'hw_ila_1' trigger was armed at 2023-Jun-04 18:37:09
startgroup
set_property OUTPUT_VALUE 0 [get_hw_probes read -of_objects [get_hw_vios -of_objects [get_hw_devices xc7a35t_0] -filter {CELL_NAME=~"vio_0_inst"}]]
commit_hw_vio [get_hw_probes {read} -of_objects [get_hw_vios -of_objects [get_hw_devices xc7a35t_0] -filter {CELL_NAME=~"vio_0_inst"}]]
endgroup
startgroup
set_property OUTPUT_VALUE 1 [get_hw_probes read -of_objects [get_hw_vios -of_objects [get_hw_devices xc7a35t_0] -filter {CELL_NAME=~"vio_0_inst"}]]
commit_hw_vio [get_hw_probes {read} -of_objects [get_hw_vios -of_objects [get_hw_devices xc7a35t_0] -filter {CELL_NAME=~"vio_0_inst"}]]
endgroup
wait_on_hw_ila [get_hw_ilas -of_objects [get_hw_devices xc7a35t_0] -filter {CELL_NAME=~"collection_inst/ila_0_inst"}]
display_hw_ila_data [upload_hw_ila_data [get_hw_ilas -of_objects [get_hw_devices xc7a35t_0] -filter {CELL_NAME=~"collection_inst/ila_0_inst"}]]
INFO: [Labtools 27-1966] The ILA core 'hw_ila_1' triggered at 2023-Jun-04 18:37:15
INFO: [Labtools 27-3304] ILA Waveform data saved to file D:/MCI/MicroController/SPI/read/collection/collection/collection.hw/backup/hw_ila_data_1.ila. Use Tcl command 'read_hw_ila_data' or Vivado File->Import->Import ILA Data menu item to import the previously saved data.
set_property OUTPUT_VALUE 00082E [get_hw_probes address_wp -of_objects [get_hw_vios -of_objects [get_hw_devices xc7a35t_0] -filter {CELL_NAME=~"vio_0_inst"}]]
commit_hw_vio [get_hw_probes {address_wp} -of_objects [get_hw_vios -of_objects [get_hw_devices xc7a35t_0] -filter {CELL_NAME=~"vio_0_inst"}]]
set_property OUTPUT_VALUE 0F [get_hw_probes numByte_read_wp -of_objects [get_hw_vios -of_objects [get_hw_devices xc7a35t_0] -filter {CELL_NAME=~"vio_0_inst"}]]
commit_hw_vio [get_hw_probes {numByte_read_wp} -of_objects [get_hw_vios -of_objects [get_hw_devices xc7a35t_0] -filter {CELL_NAME=~"vio_0_inst"}]]
run_hw_ila [get_hw_ilas -of_objects [get_hw_devices xc7a35t_0] -filter {CELL_NAME=~"collection_inst/ila_0_inst"}]
INFO: [Labtools 27-1964] The ILA core 'hw_ila_1' trigger was armed at 2023-Jun-04 18:40:02
startgroup
set_property OUTPUT_VALUE 0 [get_hw_probes read -of_objects [get_hw_vios -of_objects [get_hw_devices xc7a35t_0] -filter {CELL_NAME=~"vio_0_inst"}]]
commit_hw_vio [get_hw_probes {read} -of_objects [get_hw_vios -of_objects [get_hw_devices xc7a35t_0] -filter {CELL_NAME=~"vio_0_inst"}]]
endgroup
startgroup
set_property OUTPUT_VALUE 1 [get_hw_probes read -of_objects [get_hw_vios -of_objects [get_hw_devices xc7a35t_0] -filter {CELL_NAME=~"vio_0_inst"}]]
commit_hw_vio [get_hw_probes {read} -of_objects [get_hw_vios -of_objects [get_hw_devices xc7a35t_0] -filter {CELL_NAME=~"vio_0_inst"}]]
endgroup
wait_on_hw_ila [get_hw_ilas -of_objects [get_hw_devices xc7a35t_0] -filter {CELL_NAME=~"collection_inst/ila_0_inst"}]
display_hw_ila_data [upload_hw_ila_data [get_hw_ilas -of_objects [get_hw_devices xc7a35t_0] -filter {CELL_NAME=~"collection_inst/ila_0_inst"}]]
INFO: [Labtools 27-1966] The ILA core 'hw_ila_1' triggered at 2023-Jun-04 18:40:05
INFO: [Labtools 27-3304] ILA Waveform data saved to file D:/MCI/MicroController/SPI/read/collection/collection/collection.hw/backup/hw_ila_data_1.ila. Use Tcl command 'read_hw_ila_data' or Vivado File->Import->Import ILA Data menu item to import the previously saved data.
set_property OUTPUT_VALUE 000100 [get_hw_probes address_wp -of_objects [get_hw_vios -of_objects [get_hw_devices xc7a35t_0] -filter {CELL_NAME=~"vio_0_inst"}]]
commit_hw_vio [get_hw_probes {address_wp} -of_objects [get_hw_vios -of_objects [get_hw_devices xc7a35t_0] -filter {CELL_NAME=~"vio_0_inst"}]]
set_property OUTPUT_VALUE 0F [get_hw_probes numByte_read_wp -of_objects [get_hw_vios -of_objects [get_hw_devices xc7a35t_0] -filter {CELL_NAME=~"vio_0_inst"}]]
commit_hw_vio [get_hw_probes {numByte_read_wp} -of_objects [get_hw_vios -of_objects [get_hw_devices xc7a35t_0] -filter {CELL_NAME=~"vio_0_inst"}]]
run_hw_ila [get_hw_ilas -of_objects [get_hw_devices xc7a35t_0] -filter {CELL_NAME=~"collection_inst/ila_0_inst"}]
INFO: [Labtools 27-1964] The ILA core 'hw_ila_1' trigger was armed at 2023-Jun-04 18:41:30
startgroup
set_property OUTPUT_VALUE 0 [get_hw_probes read -of_objects [get_hw_vios -of_objects [get_hw_devices xc7a35t_0] -filter {CELL_NAME=~"vio_0_inst"}]]
commit_hw_vio [get_hw_probes {read} -of_objects [get_hw_vios -of_objects [get_hw_devices xc7a35t_0] -filter {CELL_NAME=~"vio_0_inst"}]]
endgroup
startgroup
set_property OUTPUT_VALUE 1 [get_hw_probes read -of_objects [get_hw_vios -of_objects [get_hw_devices xc7a35t_0] -filter {CELL_NAME=~"vio_0_inst"}]]
commit_hw_vio [get_hw_probes {read} -of_objects [get_hw_vios -of_objects [get_hw_devices xc7a35t_0] -filter {CELL_NAME=~"vio_0_inst"}]]
endgroup
wait_on_hw_ila [get_hw_ilas -of_objects [get_hw_devices xc7a35t_0] -filter {CELL_NAME=~"collection_inst/ila_0_inst"}]
display_hw_ila_data [upload_hw_ila_data [get_hw_ilas -of_objects [get_hw_devices xc7a35t_0] -filter {CELL_NAME=~"collection_inst/ila_0_inst"}]]
INFO: [Labtools 27-1966] The ILA core 'hw_ila_1' triggered at 2023-Jun-04 18:41:34
INFO: [Labtools 27-3304] ILA Waveform data saved to file D:/MCI/MicroController/SPI/read/collection/collection/collection.hw/backup/hw_ila_data_1.ila. Use Tcl command 'read_hw_ila_data' or Vivado File->Import->Import ILA Data menu item to import the previously saved data.
ERROR: [Xicom 50-38] xicom: Unable to connect to debug core(s) on the target device. Check cable connectivity and that the target board is powered up then use the disconnect_hw_server and connect_hw_server to re-initialize the hardware target. Use open_hw_target to re-register the hardware device.
ERROR: [Labtoolstcl 44-513] HW Target shutdown. Closing target: localhost:3121/xilinx_tcf/Digilent/210183741002A
exit
INFO: [Common 17-206] Exiting Vivado at Sun Jun  4 18:51:26 2023...
