#-----------------------------------------------------------
# Vivado v2019.1 (64-bit)
# SW Build 2552052 on Fri May 24 14:49:42 MDT 2019
# IP Build 2548770 on Fri May 24 18:01:18 MDT 2019
# Start of session at: Tue May 23 18:47:08 2023
# Process ID: 7276
# Current directory: D:/MCI/MicroController/SPI/read/collection/collection
# Command line: vivado.exe -gui_launcher_event rodinguilauncherevent1580 D:\MCI\MicroController\SPI\read\collection\collection\collection.xpr
# Log file: D:/MCI/MicroController/SPI/read/collection/collection/vivado.log
# Journal file: D:/MCI/MicroController/SPI/read/collection/collection\vivado.jou
#-----------------------------------------------------------
start_gui
open_project D:/MCI/MicroController/SPI/read/collection/collection/collection.xpr
Scanning sources...
Finished scanning sources
INFO: [IP_Flow 19-234] Refreshing IP repositories
INFO: [IP_Flow 19-1704] No user IP repositories specified
INFO: [IP_Flow 19-2313] Loaded Vivado IP repository 'D:/Programs/Xilinx/Vivado/2019.1/data/ip'.
open_project: Time (s): cpu = 00:00:27 ; elapsed = 00:00:31 . Memory (MB): peak = 802.855 ; gain = 215.281
update_compile_order -fileset sources_1
reset_run synth_1
launch_runs impl_1 -to_step write_bitstream -jobs 2
[Tue May 23 18:50:58 2023] Launched synth_1...
Run output will be captured here: D:/MCI/MicroController/SPI/read/collection/collection/collection.runs/synth_1/runme.log
[Tue May 23 18:50:58 2023] Launched impl_1...
Run output will be captured here: D:/MCI/MicroController/SPI/read/collection/collection/collection.runs/impl_1/runme.log
open_hw
connect_hw_server
