#-----------------------------------------------------------
# Vivado v2019.1 (64-bit)
# SW Build 2552052 on Fri May 24 14:49:42 MDT 2019
# IP Build 2548770 on Fri May 24 18:01:18 MDT 2019
# Start of session at: Tue May 23 13:03:42 2023
# Process ID: 15584
# Current directory: D:/MCI/MicroController/SPI/read/collection/collection
# Command line: vivado.exe -gui_launcher_event rodinguilauncherevent13620 D:\MCI\MicroController\SPI\read\collection\collection\collection.xpr
# Log file: D:/MCI/MicroController/SPI/read/collection/collection/vivado.log
# Journal file: D:/MCI/MicroController/SPI/read/collection/collection\vivado.jou
#-----------------------------------------------------------
start_gui
open_project D:/MCI/MicroController/SPI/read/collection/collection/collection.xpr
Scanning sources...
Finished scanning sources
INFO: [IP_Flow 19-234] Refreshing IP repositories
INFO: [IP_Flow 19-1704] No user IP repositories specified
INFO: [IP_Flow 19-2313] Loaded Vivado IP repository 'D:/Programs/Xilinx/Vivado/2019.1/data/ip'.
WARNING: [IP_Flow 19-2162] IP 'ila_0' is locked:
* IP definition 'ILA (Integrated Logic Analyzer) (6.2)' for IP 'ila_0' (customized with software release 2018.3) has a different revision in the IP Catalog.
open_project: Time (s): cpu = 00:00:25 ; elapsed = 00:00:44 . Memory (MB): peak = 791.141 ; gain = 214.324
update_compile_order -fileset sources_1
open_hw
connect_hw_server
INFO: [Labtools 27-2285] Connecting to hw_server url TCP:localhost:3121
open_hw_target
INFO: [Labtoolstcl 44-466] Opening hw_target localhost:3121/xilinx_tcf/Digilent/210183741002A
open_hw_target: Time (s): cpu = 00:00:05 ; elapsed = 00:00:06 . Memory (MB): peak = 2015.914 ; gain = 1111.141
set_property PROGRAM.FILE {D:/MCI/MicroController/SPI/read/collection/collection/collection.runs/impl_1/top.bit} [get_hw_devices xc7a35t_0]
set_property PROBES.FILE {D:/MCI/MicroController/SPI/read/collection/collection/collection.runs/impl_1/top.ltx} [get_hw_devices xc7a35t_0]
set_property FULL_PROBES.FILE {D:/MCI/MicroController/SPI/read/collection/collection/collection.runs/impl_1/top.ltx} [get_hw_devices xc7a35t_0]
current_hw_device [get_hw_devices xc7a35t_0]
refresh_hw_device [lindex [get_hw_devices xc7a35t_0] 0]
INFO: [Labtools 27-2302] Device xc7a35t (JTAG device index = 0) is programmed with a design that has 1 ILA core(s).
INFO: [Labtools 27-2302] Device xc7a35t (JTAG device index = 0) is programmed with a design that has 1 VIO core(s).
WARNING: [Labtools 27-1952] VIO hw_probe OUTPUT_VALUE properties for hw_vio(s) [hw_vio_1] differ from output values in the VIO core(s).
Resolution: 
To synchronize the hw_probes properties and the VIO core outputs choose one of the following alternatives:
  1) Execute the command 'Commit Output Values to VIO Core', to write down the hw_probe values to the core.
  2) Execute the command 'Refresh Input and Output Values from VIO Core', to update the hw_probe properties with the core values.
  3) First restore initial values in the core with the command 'Reset VIO Core Outputs', and then execute the command 'Refresh Input and Output Values from VIO Core'.
refresh_hw_device: Time (s): cpu = 00:00:16 ; elapsed = 00:00:07 . Memory (MB): peak = 2075.152 ; gain = 54.199
display_hw_ila_data [ get_hw_ila_data hw_ila_data_1 -of_objects [get_hw_ilas -of_objects [get_hw_devices xc7a35t_0] -filter {CELL_NAME=~"collection_inst/ila_0_inst"}]]
WARNING: Simulation object collection_inst/direct_fifo was not found in the design.
WARNING: Simulation object collection_inst/direct_wr_en_buf was not found in the design.
WARNING: Simulation object collection_inst/direct_rd_en_buf was not found in the design.
WARNING: Simulation object collection_inst/rd_en_buf was not found in the design.
WARNING: Simulation object collection_inst/wr_en_buf was not found in the design.
WARNING: Simulation object collection_inst/direct_buf_in was not found in the design.
WARNING: Simulation object collection_inst/direct_buf_out was not found in the design.
WARNING: Simulation object collection_inst/flash_to_buf_data was not found in the design.
set_property OUTPUT_VALUE 000000 [get_hw_probes address_wp -of_objects [get_hw_vios -of_objects [get_hw_devices xc7a35t_0] -filter {CELL_NAME=~"vio_0_inst"}]]
commit_hw_vio [get_hw_probes {address_wp} -of_objects [get_hw_vios -of_objects [get_hw_devices xc7a35t_0] -filter {CELL_NAME=~"vio_0_inst"}]]
run_hw_ila [get_hw_ilas -of_objects [get_hw_devices xc7a35t_0] -filter {CELL_NAME=~"collection_inst/ila_0_inst"}] -trigger_now
INFO: [Labtools 27-1964] The ILA core 'hw_ila_1' trigger was armed at 2023-May-23 13:14:44
wait_on_hw_ila [get_hw_ilas -of_objects [get_hw_devices xc7a35t_0] -filter {CELL_NAME=~"collection_inst/ila_0_inst"}]
display_hw_ila_data [upload_hw_ila_data [get_hw_ilas -of_objects [get_hw_devices xc7a35t_0] -filter {CELL_NAME=~"collection_inst/ila_0_inst"}]]
INFO: [Labtools 27-1966] The ILA core 'hw_ila_1' triggered at 2023-May-23 13:14:44
INFO: [Labtools 27-3304] ILA Waveform data saved to file D:/MCI/MicroController/SPI/read/collection/collection/collection.hw/backup/hw_ila_data_1.ila. Use Tcl command 'read_hw_ila_data' or Vivado File->Import->Import ILA Data menu item to import the previously saved data.
startgroup
set_property OUTPUT_VALUE 1 [get_hw_probes read -of_objects [get_hw_vios -of_objects [get_hw_devices xc7a35t_0] -filter {CELL_NAME=~"vio_0_inst"}]]
commit_hw_vio [get_hw_probes {read} -of_objects [get_hw_vios -of_objects [get_hw_devices xc7a35t_0] -filter {CELL_NAME=~"vio_0_inst"}]]
endgroup
startgroup
set_property OUTPUT_VALUE 0 [get_hw_probes read -of_objects [get_hw_vios -of_objects [get_hw_devices xc7a35t_0] -filter {CELL_NAME=~"vio_0_inst"}]]
commit_hw_vio [get_hw_probes {read} -of_objects [get_hw_vios -of_objects [get_hw_devices xc7a35t_0] -filter {CELL_NAME=~"vio_0_inst"}]]
endgroup
run_hw_ila [get_hw_ilas -of_objects [get_hw_devices xc7a35t_0] -filter {CELL_NAME=~"collection_inst/ila_0_inst"}]
INFO: [Labtools 27-1964] The ILA core 'hw_ila_1' trigger was armed at 2023-May-23 13:14:53
startgroup
set_property OUTPUT_VALUE 1 [get_hw_probes read -of_objects [get_hw_vios -of_objects [get_hw_devices xc7a35t_0] -filter {CELL_NAME=~"vio_0_inst"}]]
commit_hw_vio [get_hw_probes {read} -of_objects [get_hw_vios -of_objects [get_hw_devices xc7a35t_0] -filter {CELL_NAME=~"vio_0_inst"}]]
endgroup
startgroup
set_property OUTPUT_VALUE 0 [get_hw_probes read -of_objects [get_hw_vios -of_objects [get_hw_devices xc7a35t_0] -filter {CELL_NAME=~"vio_0_inst"}]]
commit_hw_vio [get_hw_probes {read} -of_objects [get_hw_vios -of_objects [get_hw_devices xc7a35t_0] -filter {CELL_NAME=~"vio_0_inst"}]]
endgroup
wait_on_hw_ila -timeout 0 [get_hw_ilas -of_objects [get_hw_devices xc7a35t_0] -filter {CELL_NAME=~"collection_inst/ila_0_inst"}]
upload_hw_ila_data [get_hw_ilas -of_objects [get_hw_devices xc7a35t_0] -filter {CELL_NAME=~"collection_inst/ila_0_inst"}]
INFO: [Labtools 27-1965] The ILA core 'hw_ila_1' trigger was stopped by user at 2023-May-23 13:15:20
WARNING: [Labtools 27-157] hw_ila [hw_ila_1] stopped. No data to upload.
set_property PROBES.FILE {D:/MCI/MicroController/SPI/read/collection/collection/collection.runs/impl_1/top.ltx} [get_hw_devices xc7a35t_0]
set_property FULL_PROBES.FILE {D:/MCI/MicroController/SPI/read/collection/collection/collection.runs/impl_1/top.ltx} [get_hw_devices xc7a35t_0]
set_property PROGRAM.FILE {D:/MCI/MicroController/SPI/read/collection/collection/collection.runs/impl_1/top.bit} [get_hw_devices xc7a35t_0]
program_hw_devices [get_hw_devices xc7a35t_0]
INFO: [Labtools 27-3164] End of startup status: HIGH
refresh_hw_device [lindex [get_hw_devices xc7a35t_0] 0]
INFO: [Labtools 27-2302] Device xc7a35t (JTAG device index = 0) is programmed with a design that has 1 ILA core(s).
INFO: [Labtools 27-2302] Device xc7a35t (JTAG device index = 0) is programmed with a design that has 1 VIO core(s).
WARNING: [Labtools 27-1952] VIO hw_probe OUTPUT_VALUE properties for hw_vio(s) [hw_vio_1] differ from output values in the VIO core(s).
Resolution: 
To synchronize the hw_probes properties and the VIO core outputs choose one of the following alternatives:
  1) Execute the command 'Commit Output Values to VIO Core', to write down the hw_probe values to the core.
  2) Execute the command 'Refresh Input and Output Values from VIO Core', to update the hw_probe properties with the core values.
  3) First restore initial values in the core with the command 'Reset VIO Core Outputs', and then execute the command 'Refresh Input and Output Values from VIO Core'.
refresh_hw_device: Time (s): cpu = 00:00:06 ; elapsed = 00:00:06 . Memory (MB): peak = 2099.516 ; gain = 0.000
set_property OUTPUT_VALUE 000000 [get_hw_probes address_wp -of_objects [get_hw_vios -of_objects [get_hw_devices xc7a35t_0] -filter {CELL_NAME=~"vio_0_inst"}]]
commit_hw_vio [get_hw_probes {address_wp} -of_objects [get_hw_vios -of_objects [get_hw_devices xc7a35t_0] -filter {CELL_NAME=~"vio_0_inst"}]]
run_hw_ila [get_hw_ilas -of_objects [get_hw_devices xc7a35t_0] -filter {CELL_NAME=~"collection_inst/ila_0_inst"}]
INFO: [Labtools 27-1964] The ILA core 'hw_ila_1' trigger was armed at 2023-May-23 13:19:42
startgroup
set_property OUTPUT_VALUE 1 [get_hw_probes read -of_objects [get_hw_vios -of_objects [get_hw_devices xc7a35t_0] -filter {CELL_NAME=~"vio_0_inst"}]]
commit_hw_vio [get_hw_probes {read} -of_objects [get_hw_vios -of_objects [get_hw_devices xc7a35t_0] -filter {CELL_NAME=~"vio_0_inst"}]]
endgroup
startgroup
set_property OUTPUT_VALUE 0 [get_hw_probes read -of_objects [get_hw_vios -of_objects [get_hw_devices xc7a35t_0] -filter {CELL_NAME=~"vio_0_inst"}]]
commit_hw_vio [get_hw_probes {read} -of_objects [get_hw_vios -of_objects [get_hw_devices xc7a35t_0] -filter {CELL_NAME=~"vio_0_inst"}]]
endgroup
wait_on_hw_ila [get_hw_ilas -of_objects [get_hw_devices xc7a35t_0] -filter {CELL_NAME=~"collection_inst/ila_0_inst"}]
display_hw_ila_data [upload_hw_ila_data [get_hw_ilas -of_objects [get_hw_devices xc7a35t_0] -filter {CELL_NAME=~"collection_inst/ila_0_inst"}]]
INFO: [Labtools 27-1966] The ILA core 'hw_ila_1' triggered at 2023-May-23 13:19:46
INFO: [Labtools 27-3304] ILA Waveform data saved to file D:/MCI/MicroController/SPI/read/collection/collection/collection.hw/backup/hw_ila_data_1.ila. Use Tcl command 'read_hw_ila_data' or Vivado File->Import->Import ILA Data menu item to import the previously saved data.
ERROR: [Xicom 50-38] xicom: Unable to connect to debug core(s) on the target device. Check cable connectivity and that the target board is powered up then use the disconnect_hw_server and connect_hw_server to re-initialize the hardware target. Use open_hw_target to re-register the hardware device.
ERROR: [Labtoolstcl 44-513] HW Target shutdown. Closing target: localhost:3121/xilinx_tcf/Digilent/210183741002A
disconnect_hw_server localhost:3121
connect_hw_server
INFO: [Labtools 27-2285] Connecting to hw_server url TCP:localhost:3121
ERROR: [Labtoolstcl 44-494] There is no active target available for server at localhost.
 Targets(s) ", jsn-Basys3-210183741002A" may be locked by another hw_server.
disconnect_hw_server localhost:3121
connect_hw_server
INFO: [Labtools 27-2285] Connecting to hw_server url TCP:localhost:3121
open_hw_target
INFO: [Labtoolstcl 44-466] Opening hw_target localhost:3121/xilinx_tcf/Digilent/210183741002A
set_property PROGRAM.FILE {D:/MCI/MicroController/SPI/read/collection/collection/collection.runs/impl_1/top.bit} [get_hw_devices xc7a35t_0]
set_property PROBES.FILE {D:/MCI/MicroController/SPI/read/collection/collection/collection.runs/impl_1/top.ltx} [get_hw_devices xc7a35t_0]
set_property FULL_PROBES.FILE {D:/MCI/MicroController/SPI/read/collection/collection/collection.runs/impl_1/top.ltx} [get_hw_devices xc7a35t_0]
current_hw_device [get_hw_devices xc7a35t_0]
refresh_hw_device [lindex [get_hw_devices xc7a35t_0] 0]
INFO: [Labtools 27-2302] Device xc7a35t (JTAG device index = 0) is programmed with a design that has 1 ILA core(s).
INFO: [Labtools 27-2302] Device xc7a35t (JTAG device index = 0) is programmed with a design that has 1 VIO core(s).
WARNING: [Labtools 27-1952] VIO hw_probe OUTPUT_VALUE properties for hw_vio(s) [hw_vio_1] differ from output values in the VIO core(s).
Resolution: 
To synchronize the hw_probes properties and the VIO core outputs choose one of the following alternatives:
  1) Execute the command 'Commit Output Values to VIO Core', to write down the hw_probe values to the core.
  2) Execute the command 'Refresh Input and Output Values from VIO Core', to update the hw_probe properties with the core values.
  3) First restore initial values in the core with the command 'Reset VIO Core Outputs', and then execute the command 'Refresh Input and Output Values from VIO Core'.
display_hw_ila_data [ get_hw_ila_data hw_ila_data_1 -of_objects [get_hw_ilas -of_objects [get_hw_devices xc7a35t_0] -filter {CELL_NAME=~"collection_inst/ila_0_inst"}]]
WARNING: Simulation object collection_inst/direct_fifo was not found in the design.
WARNING: Simulation object collection_inst/direct_wr_en_buf was not found in the design.
WARNING: Simulation object collection_inst/direct_rd_en_buf was not found in the design.
WARNING: Simulation object collection_inst/rd_en_buf was not found in the design.
WARNING: Simulation object collection_inst/wr_en_buf was not found in the design.
WARNING: Simulation object collection_inst/direct_buf_in was not found in the design.
WARNING: Simulation object collection_inst/direct_buf_out was not found in the design.
WARNING: Simulation object collection_inst/flash_to_buf_data was not found in the design.
set_property PROBES.FILE {D:/MCI/MicroController/SPI/read/collection/collection/collection.runs/impl_1/top.ltx} [get_hw_devices xc7a35t_0]
set_property FULL_PROBES.FILE {D:/MCI/MicroController/SPI/read/collection/collection/collection.runs/impl_1/top.ltx} [get_hw_devices xc7a35t_0]
set_property PROGRAM.FILE {D:/MCI/MicroController/SPI/read/collection/collection/collection.runs/impl_1/top.bit} [get_hw_devices xc7a35t_0]
program_hw_devices [get_hw_devices xc7a35t_0]
INFO: [Labtools 27-3164] End of startup status: HIGH
refresh_hw_device [lindex [get_hw_devices xc7a35t_0] 0]
INFO: [Labtools 27-2302] Device xc7a35t (JTAG device index = 0) is programmed with a design that has 1 ILA core(s).
INFO: [Labtools 27-2302] Device xc7a35t (JTAG device index = 0) is programmed with a design that has 1 VIO core(s).
WARNING: [Labtools 27-1952] VIO hw_probe OUTPUT_VALUE properties for hw_vio(s) [hw_vio_1] differ from output values in the VIO core(s).
Resolution: 
To synchronize the hw_probes properties and the VIO core outputs choose one of the following alternatives:
  1) Execute the command 'Commit Output Values to VIO Core', to write down the hw_probe values to the core.
  2) Execute the command 'Refresh Input and Output Values from VIO Core', to update the hw_probe properties with the core values.
  3) First restore initial values in the core with the command 'Reset VIO Core Outputs', and then execute the command 'Refresh Input and Output Values from VIO Core'.
refresh_hw_device: Time (s): cpu = 00:00:05 ; elapsed = 00:00:05 . Memory (MB): peak = 2117.715 ; gain = 0.000
run_hw_ila [get_hw_ilas -of_objects [get_hw_devices xc7a35t_0] -filter {CELL_NAME=~"collection_inst/ila_0_inst"}]
INFO: [Labtools 27-1964] The ILA core 'hw_ila_1' trigger was armed at 2023-May-23 14:52:26
set_property OUTPUT_VALUE 000000 [get_hw_probes address_wp -of_objects [get_hw_vios -of_objects [get_hw_devices xc7a35t_0] -filter {CELL_NAME=~"vio_0_inst"}]]
commit_hw_vio [get_hw_probes {address_wp} -of_objects [get_hw_vios -of_objects [get_hw_devices xc7a35t_0] -filter {CELL_NAME=~"vio_0_inst"}]]
startgroup
set_property OUTPUT_VALUE 1 [get_hw_probes read -of_objects [get_hw_vios -of_objects [get_hw_devices xc7a35t_0] -filter {CELL_NAME=~"vio_0_inst"}]]
commit_hw_vio [get_hw_probes {read} -of_objects [get_hw_vios -of_objects [get_hw_devices xc7a35t_0] -filter {CELL_NAME=~"vio_0_inst"}]]
endgroup
startgroup
set_property OUTPUT_VALUE 0 [get_hw_probes read -of_objects [get_hw_vios -of_objects [get_hw_devices xc7a35t_0] -filter {CELL_NAME=~"vio_0_inst"}]]
commit_hw_vio [get_hw_probes {read} -of_objects [get_hw_vios -of_objects [get_hw_devices xc7a35t_0] -filter {CELL_NAME=~"vio_0_inst"}]]
endgroup
wait_on_hw_ila [get_hw_ilas -of_objects [get_hw_devices xc7a35t_0] -filter {CELL_NAME=~"collection_inst/ila_0_inst"}]
display_hw_ila_data [upload_hw_ila_data [get_hw_ilas -of_objects [get_hw_devices xc7a35t_0] -filter {CELL_NAME=~"collection_inst/ila_0_inst"}]]
INFO: [Labtools 27-1966] The ILA core 'hw_ila_1' triggered at 2023-May-23 14:52:37
INFO: [Labtools 27-3304] ILA Waveform data saved to file D:/MCI/MicroController/SPI/read/collection/collection/collection.hw/backup/hw_ila_data_1.ila. Use Tcl command 'read_hw_ila_data' or Vivado File->Import->Import ILA Data menu item to import the previously saved data.
set_property OUTPUT_VALUE 04 [get_hw_probes numByte_read_wp -of_objects [get_hw_vios -of_objects [get_hw_devices xc7a35t_0] -filter {CELL_NAME=~"vio_0_inst"}]]
commit_hw_vio [get_hw_probes {numByte_read_wp} -of_objects [get_hw_vios -of_objects [get_hw_devices xc7a35t_0] -filter {CELL_NAME=~"vio_0_inst"}]]
set_property PROBES.FILE {D:/MCI/MicroController/SPI/read/collection/collection/collection.runs/impl_1/top.ltx} [get_hw_devices xc7a35t_0]
set_property FULL_PROBES.FILE {D:/MCI/MicroController/SPI/read/collection/collection/collection.runs/impl_1/top.ltx} [get_hw_devices xc7a35t_0]
set_property PROGRAM.FILE {D:/MCI/MicroController/SPI/read/collection/collection/collection.runs/impl_1/top.bit} [get_hw_devices xc7a35t_0]
program_hw_devices [get_hw_devices xc7a35t_0]
INFO: [Labtools 27-3164] End of startup status: HIGH
refresh_hw_device [lindex [get_hw_devices xc7a35t_0] 0]
INFO: [Labtools 27-2302] Device xc7a35t (JTAG device index = 0) is programmed with a design that has 1 ILA core(s).
INFO: [Labtools 27-2302] Device xc7a35t (JTAG device index = 0) is programmed with a design that has 1 VIO core(s).
WARNING: [Labtools 27-1952] VIO hw_probe OUTPUT_VALUE properties for hw_vio(s) [hw_vio_1] differ from output values in the VIO core(s).
Resolution: 
To synchronize the hw_probes properties and the VIO core outputs choose one of the following alternatives:
  1) Execute the command 'Commit Output Values to VIO Core', to write down the hw_probe values to the core.
  2) Execute the command 'Refresh Input and Output Values from VIO Core', to update the hw_probe properties with the core values.
  3) First restore initial values in the core with the command 'Reset VIO Core Outputs', and then execute the command 'Refresh Input and Output Values from VIO Core'.
set_property OUTPUT_VALUE 000000 [get_hw_probes address_wp -of_objects [get_hw_vios -of_objects [get_hw_devices xc7a35t_0] -filter {CELL_NAME=~"vio_0_inst"}]]
commit_hw_vio [get_hw_probes {address_wp} -of_objects [get_hw_vios -of_objects [get_hw_devices xc7a35t_0] -filter {CELL_NAME=~"vio_0_inst"}]]
set_property OUTPUT_VALUE 04 [get_hw_probes numByte_read_wp -of_objects [get_hw_vios -of_objects [get_hw_devices xc7a35t_0] -filter {CELL_NAME=~"vio_0_inst"}]]
commit_hw_vio [get_hw_probes {numByte_read_wp} -of_objects [get_hw_vios -of_objects [get_hw_devices xc7a35t_0] -filter {CELL_NAME=~"vio_0_inst"}]]
run_hw_ila [get_hw_ilas -of_objects [get_hw_devices xc7a35t_0] -filter {CELL_NAME=~"collection_inst/ila_0_inst"}]
INFO: [Labtools 27-1964] The ILA core 'hw_ila_1' trigger was armed at 2023-May-23 14:54:07
startgroup
set_property OUTPUT_VALUE 1 [get_hw_probes read -of_objects [get_hw_vios -of_objects [get_hw_devices xc7a35t_0] -filter {CELL_NAME=~"vio_0_inst"}]]
commit_hw_vio [get_hw_probes {read} -of_objects [get_hw_vios -of_objects [get_hw_devices xc7a35t_0] -filter {CELL_NAME=~"vio_0_inst"}]]
endgroup
startgroup
set_property OUTPUT_VALUE 0 [get_hw_probes read -of_objects [get_hw_vios -of_objects [get_hw_devices xc7a35t_0] -filter {CELL_NAME=~"vio_0_inst"}]]
commit_hw_vio [get_hw_probes {read} -of_objects [get_hw_vios -of_objects [get_hw_devices xc7a35t_0] -filter {CELL_NAME=~"vio_0_inst"}]]
endgroup
wait_on_hw_ila [get_hw_ilas -of_objects [get_hw_devices xc7a35t_0] -filter {CELL_NAME=~"collection_inst/ila_0_inst"}]
display_hw_ila_data [upload_hw_ila_data [get_hw_ilas -of_objects [get_hw_devices xc7a35t_0] -filter {CELL_NAME=~"collection_inst/ila_0_inst"}]]
INFO: [Labtools 27-1966] The ILA core 'hw_ila_1' triggered at 2023-May-23 14:54:14
INFO: [Labtools 27-3304] ILA Waveform data saved to file D:/MCI/MicroController/SPI/read/collection/collection/collection.hw/backup/hw_ila_data_1.ila. Use Tcl command 'read_hw_ila_data' or Vivado File->Import->Import ILA Data menu item to import the previously saved data.
set_property PROBES.FILE {D:/MCI/MicroController/SPI/read/collection/collection/collection.runs/impl_1/top.ltx} [get_hw_devices xc7a35t_0]
set_property FULL_PROBES.FILE {D:/MCI/MicroController/SPI/read/collection/collection/collection.runs/impl_1/top.ltx} [get_hw_devices xc7a35t_0]
set_property PROGRAM.FILE {D:/MCI/MicroController/SPI/read/collection/collection/collection.runs/impl_1/top.bit} [get_hw_devices xc7a35t_0]
program_hw_devices [get_hw_devices xc7a35t_0]
INFO: [Labtools 27-3164] End of startup status: HIGH
refresh_hw_device [lindex [get_hw_devices xc7a35t_0] 0]
INFO: [Labtools 27-2302] Device xc7a35t (JTAG device index = 0) is programmed with a design that has 1 ILA core(s).
INFO: [Labtools 27-2302] Device xc7a35t (JTAG device index = 0) is programmed with a design that has 1 VIO core(s).
WARNING: [Labtools 27-1952] VIO hw_probe OUTPUT_VALUE properties for hw_vio(s) [hw_vio_1] differ from output values in the VIO core(s).
Resolution: 
To synchronize the hw_probes properties and the VIO core outputs choose one of the following alternatives:
  1) Execute the command 'Commit Output Values to VIO Core', to write down the hw_probe values to the core.
  2) Execute the command 'Refresh Input and Output Values from VIO Core', to update the hw_probe properties with the core values.
  3) First restore initial values in the core with the command 'Reset VIO Core Outputs', and then execute the command 'Refresh Input and Output Values from VIO Core'.
run_hw_ila [get_hw_ilas -of_objects [get_hw_devices xc7a35t_0] -filter {CELL_NAME=~"collection_inst/ila_0_inst"}]
INFO: [Labtools 27-1964] The ILA core 'hw_ila_1' trigger was armed at 2023-May-23 14:55:33
set_property OUTPUT_VALUE 000000 [get_hw_probes address_wp -of_objects [get_hw_vios -of_objects [get_hw_devices xc7a35t_0] -filter {CELL_NAME=~"vio_0_inst"}]]
commit_hw_vio [get_hw_probes {address_wp} -of_objects [get_hw_vios -of_objects [get_hw_devices xc7a35t_0] -filter {CELL_NAME=~"vio_0_inst"}]]
set_property OUTPUT_VALUE 04 [get_hw_probes numByte_read_wp -of_objects [get_hw_vios -of_objects [get_hw_devices xc7a35t_0] -filter {CELL_NAME=~"vio_0_inst"}]]
commit_hw_vio [get_hw_probes {numByte_read_wp} -of_objects [get_hw_vios -of_objects [get_hw_devices xc7a35t_0] -filter {CELL_NAME=~"vio_0_inst"}]]
startgroup
set_property OUTPUT_VALUE 1 [get_hw_probes read -of_objects [get_hw_vios -of_objects [get_hw_devices xc7a35t_0] -filter {CELL_NAME=~"vio_0_inst"}]]
commit_hw_vio [get_hw_probes {read} -of_objects [get_hw_vios -of_objects [get_hw_devices xc7a35t_0] -filter {CELL_NAME=~"vio_0_inst"}]]
endgroup
startgroup
set_property OUTPUT_VALUE 0 [get_hw_probes read -of_objects [get_hw_vios -of_objects [get_hw_devices xc7a35t_0] -filter {CELL_NAME=~"vio_0_inst"}]]
commit_hw_vio [get_hw_probes {read} -of_objects [get_hw_vios -of_objects [get_hw_devices xc7a35t_0] -filter {CELL_NAME=~"vio_0_inst"}]]
endgroup
wait_on_hw_ila [get_hw_ilas -of_objects [get_hw_devices xc7a35t_0] -filter {CELL_NAME=~"collection_inst/ila_0_inst"}]
display_hw_ila_data [upload_hw_ila_data [get_hw_ilas -of_objects [get_hw_devices xc7a35t_0] -filter {CELL_NAME=~"collection_inst/ila_0_inst"}]]
INFO: [Labtools 27-1966] The ILA core 'hw_ila_1' triggered at 2023-May-23 14:55:39
INFO: [Labtools 27-3304] ILA Waveform data saved to file D:/MCI/MicroController/SPI/read/collection/collection/collection.hw/backup/hw_ila_data_1.ila. Use Tcl command 'read_hw_ila_data' or Vivado File->Import->Import ILA Data menu item to import the previously saved data.
set_property PROBES.FILE {D:/MCI/MicroController/SPI/read/collection/collection/collection.runs/impl_1/top.ltx} [get_hw_devices xc7a35t_0]
set_property FULL_PROBES.FILE {D:/MCI/MicroController/SPI/read/collection/collection/collection.runs/impl_1/top.ltx} [get_hw_devices xc7a35t_0]
set_property PROGRAM.FILE {D:/MCI/MicroController/SPI/read/collection/collection/collection.runs/impl_1/top.bit} [get_hw_devices xc7a35t_0]
program_hw_devices [get_hw_devices xc7a35t_0]
INFO: [Labtools 27-3164] End of startup status: HIGH
refresh_hw_device [lindex [get_hw_devices xc7a35t_0] 0]
INFO: [Labtools 27-2302] Device xc7a35t (JTAG device index = 0) is programmed with a design that has 1 ILA core(s).
INFO: [Labtools 27-2302] Device xc7a35t (JTAG device index = 0) is programmed with a design that has 1 VIO core(s).
WARNING: [Labtools 27-1952] VIO hw_probe OUTPUT_VALUE properties for hw_vio(s) [hw_vio_1] differ from output values in the VIO core(s).
Resolution: 
To synchronize the hw_probes properties and the VIO core outputs choose one of the following alternatives:
  1) Execute the command 'Commit Output Values to VIO Core', to write down the hw_probe values to the core.
  2) Execute the command 'Refresh Input and Output Values from VIO Core', to update the hw_probe properties with the core values.
  3) First restore initial values in the core with the command 'Reset VIO Core Outputs', and then execute the command 'Refresh Input and Output Values from VIO Core'.
refresh_hw_device: Time (s): cpu = 00:00:07 ; elapsed = 00:00:06 . Memory (MB): peak = 2117.715 ; gain = 0.000
run_hw_ila [get_hw_ilas -of_objects [get_hw_devices xc7a35t_0] -filter {CELL_NAME=~"collection_inst/ila_0_inst"}]
INFO: [Labtools 27-1964] The ILA core 'hw_ila_1' trigger was armed at 2023-May-23 14:56:36
set_property OUTPUT_VALUE 04 [get_hw_probes numByte_read_wp -of_objects [get_hw_vios -of_objects [get_hw_devices xc7a35t_0] -filter {CELL_NAME=~"vio_0_inst"}]]
commit_hw_vio [get_hw_probes {numByte_read_wp} -of_objects [get_hw_vios -of_objects [get_hw_devices xc7a35t_0] -filter {CELL_NAME=~"vio_0_inst"}]]
set_property OUTPUT_VALUE 000000 [get_hw_probes address_wp -of_objects [get_hw_vios -of_objects [get_hw_devices xc7a35t_0] -filter {CELL_NAME=~"vio_0_inst"}]]
commit_hw_vio [get_hw_probes {address_wp} -of_objects [get_hw_vios -of_objects [get_hw_devices xc7a35t_0] -filter {CELL_NAME=~"vio_0_inst"}]]
startgroup
set_property OUTPUT_VALUE 1 [get_hw_probes read -of_objects [get_hw_vios -of_objects [get_hw_devices xc7a35t_0] -filter {CELL_NAME=~"vio_0_inst"}]]
commit_hw_vio [get_hw_probes {read} -of_objects [get_hw_vios -of_objects [get_hw_devices xc7a35t_0] -filter {CELL_NAME=~"vio_0_inst"}]]
endgroup
startgroup
set_property OUTPUT_VALUE 0 [get_hw_probes read -of_objects [get_hw_vios -of_objects [get_hw_devices xc7a35t_0] -filter {CELL_NAME=~"vio_0_inst"}]]
commit_hw_vio [get_hw_probes {read} -of_objects [get_hw_vios -of_objects [get_hw_devices xc7a35t_0] -filter {CELL_NAME=~"vio_0_inst"}]]
endgroup
wait_on_hw_ila [get_hw_ilas -of_objects [get_hw_devices xc7a35t_0] -filter {CELL_NAME=~"collection_inst/ila_0_inst"}]
display_hw_ila_data [upload_hw_ila_data [get_hw_ilas -of_objects [get_hw_devices xc7a35t_0] -filter {CELL_NAME=~"collection_inst/ila_0_inst"}]]
INFO: [Labtools 27-1966] The ILA core 'hw_ila_1' triggered at 2023-May-23 14:56:50
INFO: [Labtools 27-3304] ILA Waveform data saved to file D:/MCI/MicroController/SPI/read/collection/collection/collection.hw/backup/hw_ila_data_1.ila. Use Tcl command 'read_hw_ila_data' or Vivado File->Import->Import ILA Data menu item to import the previously saved data.
ERROR: [Xicom 50-38] xicom: Unable to connect to debug core(s) on the target device. Check cable connectivity and that the target board is powered up then use the disconnect_hw_server and connect_hw_server to re-initialize the hardware target. Use open_hw_target to re-register the hardware device.
ERROR: [Xicom 50-38] xicom: Unable to connect to debug core(s) on the target device. Check cable connectivity and that the target board is powered up then use the disconnect_hw_server and connect_hw_server to re-initialize the hardware target. Use open_hw_target to re-register the hardware device.
ERROR: [Xicom 50-38] xicom: Unable to connect to debug core(s) on the target device. Check cable connectivity and that the target board is powered up then use the disconnect_hw_server and connect_hw_server to re-initialize the hardware target. Use open_hw_target to re-register the hardware device.
set_property PROBES.FILE {D:/MCI/MicroController/SPI/read/collection/collection/collection.runs/impl_1/top.ltx} [get_hw_devices xc7a35t_0]
set_property FULL_PROBES.FILE {D:/MCI/MicroController/SPI/read/collection/collection/collection.runs/impl_1/top.ltx} [get_hw_devices xc7a35t_0]
set_property PROGRAM.FILE {D:/MCI/MicroController/SPI/read/collection/collection/collection.runs/impl_1/top.bit} [get_hw_devices xc7a35t_0]
program_hw_devices [get_hw_devices xc7a35t_0]
INFO: [Labtools 27-3164] End of startup status: HIGH
refresh_hw_device [lindex [get_hw_devices xc7a35t_0] 0]
INFO: [Labtools 27-2302] Device xc7a35t (JTAG device index = 0) is programmed with a design that has 1 ILA core(s).
INFO: [Labtools 27-2302] Device xc7a35t (JTAG device index = 0) is programmed with a design that has 1 VIO core(s).
WARNING: [Labtools 27-1952] VIO hw_probe OUTPUT_VALUE properties for hw_vio(s) [hw_vio_1] differ from output values in the VIO core(s).
Resolution: 
To synchronize the hw_probes properties and the VIO core outputs choose one of the following alternatives:
  1) Execute the command 'Commit Output Values to VIO Core', to write down the hw_probe values to the core.
  2) Execute the command 'Refresh Input and Output Values from VIO Core', to update the hw_probe properties with the core values.
  3) First restore initial values in the core with the command 'Reset VIO Core Outputs', and then execute the command 'Refresh Input and Output Values from VIO Core'.
refresh_hw_device: Time (s): cpu = 00:00:05 ; elapsed = 00:00:05 . Memory (MB): peak = 2117.715 ; gain = 0.000
set_property OUTPUT_VALUE 000000 [get_hw_probes address_wp -of_objects [get_hw_vios -of_objects [get_hw_devices xc7a35t_0] -filter {CELL_NAME=~"vio_0_inst"}]]
commit_hw_vio [get_hw_probes {address_wp} -of_objects [get_hw_vios -of_objects [get_hw_devices xc7a35t_0] -filter {CELL_NAME=~"vio_0_inst"}]]
set_property OUTPUT_VALUE 04 [get_hw_probes numByte_read_wp -of_objects [get_hw_vios -of_objects [get_hw_devices xc7a35t_0] -filter {CELL_NAME=~"vio_0_inst"}]]
commit_hw_vio [get_hw_probes {numByte_read_wp} -of_objects [get_hw_vios -of_objects [get_hw_devices xc7a35t_0] -filter {CELL_NAME=~"vio_0_inst"}]]
run_hw_ila [get_hw_ilas -of_objects [get_hw_devices xc7a35t_0] -filter {CELL_NAME=~"collection_inst/ila_0_inst"}]
INFO: [Labtools 27-1964] The ILA core 'hw_ila_1' trigger was armed at 2023-May-23 15:00:18
startgroup
set_property OUTPUT_VALUE 1 [get_hw_probes read -of_objects [get_hw_vios -of_objects [get_hw_devices xc7a35t_0] -filter {CELL_NAME=~"vio_0_inst"}]]
commit_hw_vio [get_hw_probes {read} -of_objects [get_hw_vios -of_objects [get_hw_devices xc7a35t_0] -filter {CELL_NAME=~"vio_0_inst"}]]
endgroup
startgroup
set_property OUTPUT_VALUE 0 [get_hw_probes read -of_objects [get_hw_vios -of_objects [get_hw_devices xc7a35t_0] -filter {CELL_NAME=~"vio_0_inst"}]]
commit_hw_vio [get_hw_probes {read} -of_objects [get_hw_vios -of_objects [get_hw_devices xc7a35t_0] -filter {CELL_NAME=~"vio_0_inst"}]]
endgroup
wait_on_hw_ila [get_hw_ilas -of_objects [get_hw_devices xc7a35t_0] -filter {CELL_NAME=~"collection_inst/ila_0_inst"}]
display_hw_ila_data [upload_hw_ila_data [get_hw_ilas -of_objects [get_hw_devices xc7a35t_0] -filter {CELL_NAME=~"collection_inst/ila_0_inst"}]]
INFO: [Labtools 27-1966] The ILA core 'hw_ila_1' triggered at 2023-May-23 15:00:21
INFO: [Labtools 27-3304] ILA Waveform data saved to file D:/MCI/MicroController/SPI/read/collection/collection/collection.hw/backup/hw_ila_data_1.ila. Use Tcl command 'read_hw_ila_data' or Vivado File->Import->Import ILA Data menu item to import the previously saved data.
ERROR: [Xicom 50-38] xicom: Unable to connect to debug core(s) on the target device. Check cable connectivity and that the target board is powered up then use the disconnect_hw_server and connect_hw_server to re-initialize the hardware target. Use open_hw_target to re-register the hardware device.
ERROR: [Xicom 50-38] xicom: Unable to connect to debug core(s) on the target device. Check cable connectivity and that the target board is powered up then use the disconnect_hw_server and connect_hw_server to re-initialize the hardware target. Use open_hw_target to re-register the hardware device.
ERROR: [Xicom 50-38] xicom: Unable to connect to debug core(s) on the target device. Check cable connectivity and that the target board is powered up then use the disconnect_hw_server and connect_hw_server to re-initialize the hardware target. Use open_hw_target to re-register the hardware device.
set_property PROBES.FILE {D:/MCI/MicroController/SPI/read/collection/collection/collection.runs/impl_1/top.ltx} [get_hw_devices xc7a35t_0]
set_property FULL_PROBES.FILE {D:/MCI/MicroController/SPI/read/collection/collection/collection.runs/impl_1/top.ltx} [get_hw_devices xc7a35t_0]
set_property PROGRAM.FILE {D:/MCI/MicroController/SPI/read/collection/collection/collection.runs/impl_1/top.bit} [get_hw_devices xc7a35t_0]
program_hw_devices [get_hw_devices xc7a35t_0]
INFO: [Labtools 27-3164] End of startup status: HIGH
refresh_hw_device [lindex [get_hw_devices xc7a35t_0] 0]
INFO: [Labtools 27-2302] Device xc7a35t (JTAG device index = 0) is programmed with a design that has 1 ILA core(s).
INFO: [Labtools 27-2302] Device xc7a35t (JTAG device index = 0) is programmed with a design that has 1 VIO core(s).
WARNING: [Labtools 27-1952] VIO hw_probe OUTPUT_VALUE properties for hw_vio(s) [hw_vio_1] differ from output values in the VIO core(s).
Resolution: 
To synchronize the hw_probes properties and the VIO core outputs choose one of the following alternatives:
  1) Execute the command 'Commit Output Values to VIO Core', to write down the hw_probe values to the core.
  2) Execute the command 'Refresh Input and Output Values from VIO Core', to update the hw_probe properties with the core values.
  3) First restore initial values in the core with the command 'Reset VIO Core Outputs', and then execute the command 'Refresh Input and Output Values from VIO Core'.
refresh_hw_device: Time (s): cpu = 00:00:06 ; elapsed = 00:00:05 . Memory (MB): peak = 2184.188 ; gain = 0.000
run_hw_ila [get_hw_ilas -of_objects [get_hw_devices xc7a35t_0] -filter {CELL_NAME=~"collection_inst/ila_0_inst"}] -trigger_now
INFO: [Labtools 27-1964] The ILA core 'hw_ila_1' trigger was armed at 2023-May-23 15:21:51
wait_on_hw_ila [get_hw_ilas -of_objects [get_hw_devices xc7a35t_0] -filter {CELL_NAME=~"collection_inst/ila_0_inst"}]
display_hw_ila_data [upload_hw_ila_data [get_hw_ilas -of_objects [get_hw_devices xc7a35t_0] -filter {CELL_NAME=~"collection_inst/ila_0_inst"}]]
INFO: [Labtools 27-1966] The ILA core 'hw_ila_1' triggered at 2023-May-23 15:21:51
INFO: [Labtools 27-3304] ILA Waveform data saved to file D:/MCI/MicroController/SPI/read/collection/collection/collection.hw/backup/hw_ila_data_1.ila. Use Tcl command 'read_hw_ila_data' or Vivado File->Import->Import ILA Data menu item to import the previously saved data.
run_hw_ila [get_hw_ilas -of_objects [get_hw_devices xc7a35t_0] -filter {CELL_NAME=~"collection_inst/ila_0_inst"}]
INFO: [Labtools 27-1964] The ILA core 'hw_ila_1' trigger was armed at 2023-May-23 15:22:05
set_property OUTPUT_VALUE 000000 [get_hw_probes address_wp -of_objects [get_hw_vios -of_objects [get_hw_devices xc7a35t_0] -filter {CELL_NAME=~"vio_0_inst"}]]
commit_hw_vio [get_hw_probes {address_wp} -of_objects [get_hw_vios -of_objects [get_hw_devices xc7a35t_0] -filter {CELL_NAME=~"vio_0_inst"}]]
set_property OUTPUT_VALUE 04 [get_hw_probes numByte_read_wp -of_objects [get_hw_vios -of_objects [get_hw_devices xc7a35t_0] -filter {CELL_NAME=~"vio_0_inst"}]]
commit_hw_vio [get_hw_probes {numByte_read_wp} -of_objects [get_hw_vios -of_objects [get_hw_devices xc7a35t_0] -filter {CELL_NAME=~"vio_0_inst"}]]
startgroup
set_property OUTPUT_VALUE 1 [get_hw_probes read -of_objects [get_hw_vios -of_objects [get_hw_devices xc7a35t_0] -filter {CELL_NAME=~"vio_0_inst"}]]
commit_hw_vio [get_hw_probes {read} -of_objects [get_hw_vios -of_objects [get_hw_devices xc7a35t_0] -filter {CELL_NAME=~"vio_0_inst"}]]
endgroup
startgroup
set_property OUTPUT_VALUE 0 [get_hw_probes read -of_objects [get_hw_vios -of_objects [get_hw_devices xc7a35t_0] -filter {CELL_NAME=~"vio_0_inst"}]]
commit_hw_vio [get_hw_probes {read} -of_objects [get_hw_vios -of_objects [get_hw_devices xc7a35t_0] -filter {CELL_NAME=~"vio_0_inst"}]]
endgroup
wait_on_hw_ila [get_hw_ilas -of_objects [get_hw_devices xc7a35t_0] -filter {CELL_NAME=~"collection_inst/ila_0_inst"}]
display_hw_ila_data [upload_hw_ila_data [get_hw_ilas -of_objects [get_hw_devices xc7a35t_0] -filter {CELL_NAME=~"collection_inst/ila_0_inst"}]]
INFO: [Labtools 27-1966] The ILA core 'hw_ila_1' triggered at 2023-May-23 15:22:25
INFO: [Labtools 27-3304] ILA Waveform data saved to file D:/MCI/MicroController/SPI/read/collection/collection/collection.hw/backup/hw_ila_data_1.ila. Use Tcl command 'read_hw_ila_data' or Vivado File->Import->Import ILA Data menu item to import the previously saved data.
upgrade_ip -srcset ila_0 -vlnv xilinx.com:ip:ila:6.2 [get_ips  ila_0] -log ip_upgrade.log
Upgrading 'ila_0'
INFO: [Project 1-386] Moving file 'D:/MCI/MicroController/SPI/read/collection/collection/collection.srcs/sources_1/ip/ila_0/ila_0.xci' from fileset 'ila_0' to fileset 'sources_1'.
INFO: [IP_Flow 19-3422] Upgraded ila_0 (ILA (Integrated Logic Analyzer) 6.2) from revision 8 to revision 9
INFO: [IP_Flow 19-1686] Generating 'Instantiation Template' target for IP 'ila_0'...
INFO: [Coretcl 2-1525] Wrote upgrade log to 'D:/MCI/MicroController/SPI/read/collection/collection/ip_upgrade.log'.
upgrade_ip: Time (s): cpu = 00:01:02 ; elapsed = 00:00:58 . Memory (MB): peak = 2254.188 ; gain = 57.062
export_ip_user_files -of_objects [get_ips ila_0] -no_script -sync -force -quiet
update_compile_order -fileset sources_1
reset_run synth_1
launch_runs impl_1 -to_step write_bitstream -jobs 2
INFO: [IP_Flow 19-1686] Generating 'Synthesis' target for IP 'ila_0'...
WARNING: [IP_Flow 19-4994] Overwriting existing constraint file 'd:/MCI/MicroController/SPI/read/collection/collection/collection.srcs/sources_1/ip/ila_0/ila_0_ooc.xdc'
INFO: [IP_Flow 19-1686] Generating 'Implementation' target for IP 'ila_0'...
[Tue May 23 15:26:43 2023] Launched ila_0_synth_1, synth_1...
Run output will be captured here:
ila_0_synth_1: D:/MCI/MicroController/SPI/read/collection/collection/collection.runs/ila_0_synth_1/runme.log
synth_1: D:/MCI/MicroController/SPI/read/collection/collection/collection.runs/synth_1/runme.log
[Tue May 23 15:26:43 2023] Launched impl_1...
Run output will be captured here: D:/MCI/MicroController/SPI/read/collection/collection/collection.runs/impl_1/runme.log
launch_runs: Time (s): cpu = 00:00:04 ; elapsed = 00:00:06 . Memory (MB): peak = 2275.449 ; gain = 16.195
set_property PROBES.FILE {D:/MCI/MicroController/SPI/read/collection/collection/collection.runs/impl_1/top.ltx} [get_hw_devices xc7a35t_0]
set_property FULL_PROBES.FILE {D:/MCI/MicroController/SPI/read/collection/collection/collection.runs/impl_1/top.ltx} [get_hw_devices xc7a35t_0]
set_property PROGRAM.FILE {D:/MCI/MicroController/SPI/read/collection/collection/collection.runs/impl_1/top.bit} [get_hw_devices xc7a35t_0]
program_hw_devices [get_hw_devices xc7a35t_0]
INFO: [Labtools 27-3164] End of startup status: HIGH
refresh_hw_device [lindex [get_hw_devices xc7a35t_0] 0]
INFO: [Labtools 27-2302] Device xc7a35t (JTAG device index = 0) is programmed with a design that has 1 ILA core(s).
INFO: [Labtools 27-2302] Device xc7a35t (JTAG device index = 0) is programmed with a design that has 1 VIO core(s).
WARNING: [Labtools 27-1952] VIO hw_probe OUTPUT_VALUE properties for hw_vio(s) [hw_vio_1] differ from output values in the VIO core(s).
Resolution: 
To synchronize the hw_probes properties and the VIO core outputs choose one of the following alternatives:
  1) Execute the command 'Commit Output Values to VIO Core', to write down the hw_probe values to the core.
  2) Execute the command 'Refresh Input and Output Values from VIO Core', to update the hw_probe properties with the core values.
  3) First restore initial values in the core with the command 'Reset VIO Core Outputs', and then execute the command 'Refresh Input and Output Values from VIO Core'.
set_property OUTPUT_VALUE E5 [get_hw_probes numByte_read_wp -of_objects [get_hw_vios -of_objects [get_hw_devices xc7a35t_0] -filter {CELL_NAME=~"vio_0_inst"}]]
commit_hw_vio [get_hw_probes {numByte_read_wp} -of_objects [get_hw_vios -of_objects [get_hw_devices xc7a35t_0] -filter {CELL_NAME=~"vio_0_inst"}]]
set_property OUTPUT_VALUE 000000 [get_hw_probes address_wp -of_objects [get_hw_vios -of_objects [get_hw_devices xc7a35t_0] -filter {CELL_NAME=~"vio_0_inst"}]]
commit_hw_vio [get_hw_probes {address_wp} -of_objects [get_hw_vios -of_objects [get_hw_devices xc7a35t_0] -filter {CELL_NAME=~"vio_0_inst"}]]
run_hw_ila [get_hw_ilas -of_objects [get_hw_devices xc7a35t_0] -filter {CELL_NAME=~"collection_inst/ila_0_inst"}]
INFO: [Labtools 27-1964] The ILA core 'hw_ila_1' trigger was armed at 2023-May-23 15:40:28
startgroup
set_property OUTPUT_VALUE 1 [get_hw_probes read -of_objects [get_hw_vios -of_objects [get_hw_devices xc7a35t_0] -filter {CELL_NAME=~"vio_0_inst"}]]
commit_hw_vio [get_hw_probes {read} -of_objects [get_hw_vios -of_objects [get_hw_devices xc7a35t_0] -filter {CELL_NAME=~"vio_0_inst"}]]
endgroup
startgroup
set_property OUTPUT_VALUE 0 [get_hw_probes read -of_objects [get_hw_vios -of_objects [get_hw_devices xc7a35t_0] -filter {CELL_NAME=~"vio_0_inst"}]]
commit_hw_vio [get_hw_probes {read} -of_objects [get_hw_vios -of_objects [get_hw_devices xc7a35t_0] -filter {CELL_NAME=~"vio_0_inst"}]]
endgroup
wait_on_hw_ila [get_hw_ilas -of_objects [get_hw_devices xc7a35t_0] -filter {CELL_NAME=~"collection_inst/ila_0_inst"}]
display_hw_ila_data [upload_hw_ila_data [get_hw_ilas -of_objects [get_hw_devices xc7a35t_0] -filter {CELL_NAME=~"collection_inst/ila_0_inst"}]]
INFO: [Labtools 27-1966] The ILA core 'hw_ila_1' triggered at 2023-May-23 15:40:35
INFO: [Labtools 27-3304] ILA Waveform data saved to file D:/MCI/MicroController/SPI/read/collection/collection/collection.hw/backup/hw_ila_data_1.ila. Use Tcl command 'read_hw_ila_data' or Vivado File->Import->Import ILA Data menu item to import the previously saved data.
exit
INFO: [Common 17-206] Exiting Vivado at Tue May 23 15:41:32 2023...
