
*** Running vivado
    with args -log top.vds -m64 -product Vivado -mode batch -messageDb vivado.pb -notrace -source top.tcl


****** Vivado v2019.1 (64-bit)
  **** SW Build 2552052 on Fri May 24 14:49:42 MDT 2019
  **** IP Build 2548770 on Fri May 24 18:01:18 MDT 2019
    ** Copyright 1986-2019 Xilinx, Inc. All Rights Reserved.

source top.tcl -notrace
Command: synth_design -top top -part xc7a35tcpg236-1
Starting synth_design
Attempting to get a license for feature 'Synthesis' and/or device 'xc7a35t'
INFO: [Common 17-349] Got license for feature 'Synthesis' and/or device 'xc7a35t'
INFO: [Device 21-403] Loading part xc7a35tcpg236-1
INFO: Launching helper process for spawning children vivado processes
INFO: Helper process launched with PID 6560 
WARNING: [Synth 8-2507] parameter declaration becomes local in auto_fifo_fill with formal parameter declaration list [D:/MCI/MicroController/SPI/write_complete/write/collection/collection/collection.srcs/sources_1/new/auto_fifo_fill.v:34]
WARNING: [Synth 8-2507] parameter declaration becomes local in fifo with formal parameter declaration list [D:/MCI/MicroController/SPI/write_complete/write/collection/collection/collection.srcs/sources_1/imports/collection/fifo.v:40]
---------------------------------------------------------------------------------
Starting RTL Elaboration : Time (s): cpu = 00:00:05 ; elapsed = 00:00:07 . Memory (MB): peak = 836.266 ; gain = 186.059
---------------------------------------------------------------------------------
INFO: [Synth 8-6157] synthesizing module 'top' [D:/MCI/MicroController/SPI/write_complete/write/collection/collection/collection.srcs/sources_1/imports/collection/top.v:23]
	Parameter fifo_depth bound to: 4096 - type: integer 
INFO: [Synth 8-6157] synthesizing module 'collection' [D:/MCI/MicroController/SPI/write_complete/write/collection/collection/collection.srcs/sources_1/imports/collection/collection.v:24]
	Parameter fifo_depth bound to: 4096 - type: integer 
WARNING: [Synth 8-4446] all outputs are unconnected for this instance and logic may be removed [D:/MCI/MicroController/SPI/write_complete/write/collection/collection/collection.srcs/sources_1/imports/collection/collection.v:127]
INFO: [Synth 8-6157] synthesizing module 'ila_0' [D:/MCI/MicroController/SPI/write_complete/write/collection/collection/collection.runs/synth_1/.Xil/Vivado-3440-DESKTOP-P49DHPK/realtime/ila_0_stub.v:6]
INFO: [Synth 8-6155] done synthesizing module 'ila_0' (1#1) [D:/MCI/MicroController/SPI/write_complete/write/collection/collection/collection.runs/synth_1/.Xil/Vivado-3440-DESKTOP-P49DHPK/realtime/ila_0_stub.v:6]
INFO: [Synth 8-6157] synthesizing module 'wrapper' [D:/MCI/MicroController/SPI/write_complete/write/collection/collection/collection.srcs/sources_1/imports/collection/wrapper.v:23]
	Parameter PAGE_DEPTH bound to: 256 - type: integer 
	Parameter WAIT_LIMIT bound to: 28'b0101111101011110000100000000 
	Parameter READ_STATUS bound to: 8'b00000101 
	Parameter WRITE_STATUS bound to: 8'b00000001 
	Parameter WRITE_ENABLE bound to: 8'b00000110 
	Parameter PAGE_PROGRAM bound to: 8'b00000010 
	Parameter READ_DATA bound to: 8'b00000011 
	Parameter SECTOR_ERASE bound to: 8'b00100000 
	Parameter IDLE bound to: 5'b00000 
	Parameter ERASE1 bound to: 5'b00001 
	Parameter ERASE2 bound to: 5'b00010 
	Parameter PAGEP1 bound to: 5'b00011 
	Parameter PAGEP2 bound to: 5'b00100 
	Parameter SENDD bound to: 5'b00101 
	Parameter END bound to: 5'b00110 
	Parameter WRE1 bound to: 5'b00111 
	Parameter WRE2 bound to: 5'b01000 
	Parameter RDST1 bound to: 5'b01001 
	Parameter RDST2 bound to: 5'b01010 
	Parameter STCHCK bound to: 5'b01011 
	Parameter READD1 bound to: 5'b01100 
	Parameter READD2 bound to: 5'b01101 
WARNING: [Synth 8-567] referenced signal 'status_reg' should be on the sensitivity list [D:/MCI/MicroController/SPI/write_complete/write/collection/collection/collection.srcs/sources_1/imports/collection/wrapper.v:164]
WARNING: [Synth 8-567] referenced signal 'flag' should be on the sensitivity list [D:/MCI/MicroController/SPI/write_complete/write/collection/collection/collection.srcs/sources_1/imports/collection/wrapper.v:164]
WARNING: [Synth 8-567] referenced signal 'buf_full' should be on the sensitivity list [D:/MCI/MicroController/SPI/write_complete/write/collection/collection/collection.srcs/sources_1/imports/collection/wrapper.v:164]
INFO: [Synth 8-155] case statement is not full and has no default [D:/MCI/MicroController/SPI/write_complete/write/collection/collection/collection.srcs/sources_1/imports/collection/wrapper.v:215]
WARNING: [Synth 8-6014] Unused sequential element wr_flg_reg was removed.  [D:/MCI/MicroController/SPI/write_complete/write/collection/collection/collection.srcs/sources_1/imports/collection/wrapper.v:144]
INFO: [Synth 8-6155] done synthesizing module 'wrapper' (2#1) [D:/MCI/MicroController/SPI/write_complete/write/collection/collection/collection.srcs/sources_1/imports/collection/wrapper.v:23]
INFO: [Synth 8-6157] synthesizing module 'fifo' [D:/MCI/MicroController/SPI/write_complete/write/collection/collection/collection.srcs/sources_1/imports/collection/fifo.v:25]
	Parameter BUF_SIZE bound to: 4096 - type: integer 
	Parameter BUF_WIDTH bound to: 12 - type: integer 
INFO: [Synth 8-6155] done synthesizing module 'fifo' (3#1) [D:/MCI/MicroController/SPI/write_complete/write/collection/collection/collection.srcs/sources_1/imports/collection/fifo.v:25]
INFO: [Synth 8-6157] synthesizing module 'flash_cms' [D:/MCI/MicroController/SPI/write_complete/write/collection/collection/collection.srcs/sources_1/imports/collection/flash_cms.v:23]
	Parameter READ_STATUS bound to: 8'b00000101 
	Parameter WRITE_STATUS bound to: 8'b00000001 
	Parameter WRITE_ENABLE bound to: 8'b00000110 
	Parameter PAGE_PROGRAM bound to: 8'b00000010 
	Parameter READ_DATA bound to: 8'b00000011 
	Parameter SECTOR_ERASE bound to: 8'b00100000 
	Parameter IDLE bound to: 3'b000 
	Parameter WAIT bound to: 3'b001 
	Parameter SEND_OP bound to: 3'b010 
	Parameter GET_DATA bound to: 3'b011 
	Parameter SEND_DATA bound to: 3'b100 
	Parameter SEND_ADDRESS bound to: 3'b101 
	Parameter WAIT_FOR_DIN bound to: 3'b110 
INFO: [Synth 8-6157] synthesizing module 'counter' [D:/MCI/MicroController/SPI/write_complete/write/collection/collection/collection.srcs/sources_1/imports/collection/counter.v:1]
	Parameter width bound to: 32 - type: integer 
INFO: [Synth 8-6155] done synthesizing module 'counter' (4#1) [D:/MCI/MicroController/SPI/write_complete/write/collection/collection/collection.srcs/sources_1/imports/collection/counter.v:1]
INFO: [Synth 8-6157] synthesizing module 'counter__parameterized0' [D:/MCI/MicroController/SPI/write_complete/write/collection/collection/collection.srcs/sources_1/imports/collection/counter.v:1]
	Parameter width bound to: 2 - type: integer 
INFO: [Synth 8-6155] done synthesizing module 'counter__parameterized0' (4#1) [D:/MCI/MicroController/SPI/write_complete/write/collection/collection/collection.srcs/sources_1/imports/collection/counter.v:1]
WARNING: [Synth 8-567] referenced signal 'command_reg' should be on the sensitivity list [D:/MCI/MicroController/SPI/write_complete/write/collection/collection/collection.srcs/sources_1/imports/collection/flash_cms.v:127]
WARNING: [Synth 8-567] referenced signal 'numByte_read_reg' should be on the sensitivity list [D:/MCI/MicroController/SPI/write_complete/write/collection/collection/collection.srcs/sources_1/imports/collection/flash_cms.v:127]
WARNING: [Synth 8-567] referenced signal 'last_in_reg' should be on the sensitivity list [D:/MCI/MicroController/SPI/write_complete/write/collection/collection/collection.srcs/sources_1/imports/collection/flash_cms.v:127]
INFO: [Synth 8-155] case statement is not full and has no default [D:/MCI/MicroController/SPI/write_complete/write/collection/collection/collection.srcs/sources_1/imports/collection/flash_cms.v:170]
INFO: [Synth 8-6155] done synthesizing module 'flash_cms' (5#1) [D:/MCI/MicroController/SPI/write_complete/write/collection/collection/collection.srcs/sources_1/imports/collection/flash_cms.v:23]
INFO: [Synth 8-6071] Mark debug on the nets applies keep_hierarchy on instance 'flash_cms_inst'. This will prevent further optimization [D:/MCI/MicroController/SPI/write_complete/write/collection/collection/collection.srcs/sources_1/imports/collection/collection.v:250]
INFO: [Synth 8-6071] Mark debug on the nets applies keep_hierarchy on instance 'fifo_inst'. This will prevent further optimization [D:/MCI/MicroController/SPI/write_complete/write/collection/collection/collection.srcs/sources_1/imports/collection/collection.v:228]
INFO: [Synth 8-6071] Mark debug on the nets applies keep_hierarchy on instance 'wrapper_inst'. This will prevent further optimization [D:/MCI/MicroController/SPI/write_complete/write/collection/collection/collection.srcs/sources_1/imports/collection/collection.v:180]
INFO: [Synth 8-6071] Mark debug on the nets applies keep_hierarchy on instance 'ila_0_inst'. This will prevent further optimization [D:/MCI/MicroController/SPI/write_complete/write/collection/collection/collection.srcs/sources_1/imports/collection/collection.v:127]
INFO: [Synth 8-6155] done synthesizing module 'collection' (6#1) [D:/MCI/MicroController/SPI/write_complete/write/collection/collection/collection.srcs/sources_1/imports/collection/collection.v:24]
INFO: [Synth 8-6157] synthesizing module 'auto_fifo_fill' [D:/MCI/MicroController/SPI/write_complete/write/collection/collection/collection.srcs/sources_1/new/auto_fifo_fill.v:23]
	Parameter fifo_depth bound to: 4096 - type: integer 
	Parameter BUF_SIZE bound to: 4096 - type: integer 
	Parameter IDLE bound to: 4'b0000 
	Parameter INIT bound to: 4'b0001 
	Parameter PASS bound to: 4'b0010 
	Parameter END bound to: 4'b0011 
INFO: [Synth 8-155] case statement is not full and has no default [D:/MCI/MicroController/SPI/write_complete/write/collection/collection/collection.srcs/sources_1/new/auto_fifo_fill.v:2675]
INFO: [Synth 8-155] case statement is not full and has no default [D:/MCI/MicroController/SPI/write_complete/write/collection/collection/collection.srcs/sources_1/new/auto_fifo_fill.v:2687]
WARNING: [Synth 8-567] referenced signal 'mem' should be on the sensitivity list [D:/MCI/MicroController/SPI/write_complete/write/collection/collection/collection.srcs/sources_1/new/auto_fifo_fill.v:2683]
INFO: [Synth 8-6155] done synthesizing module 'auto_fifo_fill' (7#1) [D:/MCI/MicroController/SPI/write_complete/write/collection/collection/collection.srcs/sources_1/new/auto_fifo_fill.v:23]
INFO: [Synth 8-6157] synthesizing module 'vio_0' [D:/MCI/MicroController/SPI/write_complete/write/collection/collection/collection.runs/synth_1/.Xil/Vivado-3440-DESKTOP-P49DHPK/realtime/vio_0_stub.v:6]
INFO: [Synth 8-6155] done synthesizing module 'vio_0' (8#1) [D:/MCI/MicroController/SPI/write_complete/write/collection/collection/collection.runs/synth_1/.Xil/Vivado-3440-DESKTOP-P49DHPK/realtime/vio_0_stub.v:6]
INFO: [Synth 8-6157] synthesizing module 'clk_wiz_0' [D:/MCI/MicroController/SPI/write_complete/write/collection/collection/collection.runs/synth_1/.Xil/Vivado-3440-DESKTOP-P49DHPK/realtime/clk_wiz_0_stub.v:5]
INFO: [Synth 8-6155] done synthesizing module 'clk_wiz_0' (9#1) [D:/MCI/MicroController/SPI/write_complete/write/collection/collection/collection.runs/synth_1/.Xil/Vivado-3440-DESKTOP-P49DHPK/realtime/clk_wiz_0_stub.v:5]
INFO: [Synth 8-6071] Mark debug on the nets applies keep_hierarchy on instance 'vio_0_inst'. This will prevent further optimization [D:/MCI/MicroController/SPI/write_complete/write/collection/collection/collection.srcs/sources_1/imports/collection/top.v:93]
INFO: [Synth 8-6071] Mark debug on the nets applies keep_hierarchy on instance 'auto_fifo_fill_inst'. This will prevent further optimization [D:/MCI/MicroController/SPI/write_complete/write/collection/collection/collection.srcs/sources_1/imports/collection/top.v:79]
WARNING: [Synth 8-3848] Net direct_rd_en_buf in module/entity top does not have driver. [D:/MCI/MicroController/SPI/write_complete/write/collection/collection/collection.srcs/sources_1/imports/collection/top.v:49]
INFO: [Synth 8-6155] done synthesizing module 'top' (10#1) [D:/MCI/MicroController/SPI/write_complete/write/collection/collection/collection.srcs/sources_1/imports/collection/top.v:23]
---------------------------------------------------------------------------------
Finished RTL Elaboration : Time (s): cpu = 00:00:19 ; elapsed = 00:00:22 . Memory (MB): peak = 1033.059 ; gain = 382.852
---------------------------------------------------------------------------------

Report Check Netlist: 
+------+------------------+-------+---------+-------+------------------+
|      |Item              |Errors |Warnings |Status |Description       |
+------+------------------+-------+---------+-------+------------------+
|1     |multi_driven_nets |      0|        0|Passed |Multi driven nets |
+------+------------------+-------+---------+-------+------------------+
---------------------------------------------------------------------------------
Start Handling Custom Attributes
---------------------------------------------------------------------------------
---------------------------------------------------------------------------------
Finished Handling Custom Attributes : Time (s): cpu = 00:00:21 ; elapsed = 00:00:26 . Memory (MB): peak = 1033.059 ; gain = 382.852
---------------------------------------------------------------------------------
---------------------------------------------------------------------------------
Finished RTL Optimization Phase 1 : Time (s): cpu = 00:00:21 ; elapsed = 00:00:26 . Memory (MB): peak = 1033.059 ; gain = 382.852
---------------------------------------------------------------------------------
INFO: [Project 1-570] Preparing netlist for logic optimization

Processing XDC Constraints
Initializing timing engine
Parsing XDC File [d:/MCI/MicroController/SPI/write_complete/write/collection/collection/collection.srcs/sources_1/ip/vio_0/vio_0/vio_0_in_context.xdc] for cell 'vio_0_inst'
Finished Parsing XDC File [d:/MCI/MicroController/SPI/write_complete/write/collection/collection/collection.srcs/sources_1/ip/vio_0/vio_0/vio_0_in_context.xdc] for cell 'vio_0_inst'
Parsing XDC File [d:/MCI/MicroController/SPI/write_complete/write/collection/collection/collection.srcs/sources_1/ip/ila_0/ila_0/ila_0_in_context.xdc] for cell 'collection_inst/ila_0_inst'
Finished Parsing XDC File [d:/MCI/MicroController/SPI/write_complete/write/collection/collection/collection.srcs/sources_1/ip/ila_0/ila_0/ila_0_in_context.xdc] for cell 'collection_inst/ila_0_inst'
Parsing XDC File [d:/MCI/MicroController/SPI/write_complete/write/collection/collection/collection.srcs/sources_1/ip/clk_wiz_0/clk_wiz_0/clk_wiz_0_in_context.xdc] for cell 'clk_wiz_0_inst'
Finished Parsing XDC File [d:/MCI/MicroController/SPI/write_complete/write/collection/collection/collection.srcs/sources_1/ip/clk_wiz_0/clk_wiz_0/clk_wiz_0_in_context.xdc] for cell 'clk_wiz_0_inst'
Parsing XDC File [D:/MCI/MicroController/SPI/write_complete/write/collection/collection/collection.srcs/constrs_1/imports/collection/top.xdc]
Finished Parsing XDC File [D:/MCI/MicroController/SPI/write_complete/write/collection/collection/collection.srcs/constrs_1/imports/collection/top.xdc]
INFO: [Project 1-236] Implementation specific constraints were found while reading constraint file [D:/MCI/MicroController/SPI/write_complete/write/collection/collection/collection.srcs/constrs_1/imports/collection/top.xdc]. These constraints will be ignored for synthesis but will be used in implementation. Impacted constraints are listed in the file [.Xil/top_propImpl.xdc].
Resolution: To avoid this warning, move constraints listed in [.Xil/top_propImpl.xdc] to another XDC file and exclude this new file from synthesis with the used_in_synthesis property (File Properties dialog in GUI) and re-run elaboration/synthesis.
Completed Processing XDC Constraints

Netlist sorting complete. Time (s): cpu = 00:00:00 ; elapsed = 00:00:00.011 . Memory (MB): peak = 1237.121 ; gain = 0.000
INFO: [Project 1-111] Unisim Transformation Summary:
No Unisim elements were transformed.

Constraint Validation Runtime : Time (s): cpu = 00:00:01 ; elapsed = 00:00:00.303 . Memory (MB): peak = 1237.121 ; gain = 0.000
---------------------------------------------------------------------------------
Finished Constraint Validation : Time (s): cpu = 00:00:39 ; elapsed = 00:00:48 . Memory (MB): peak = 1237.121 ; gain = 586.914
---------------------------------------------------------------------------------
---------------------------------------------------------------------------------
Start Loading Part and Timing Information
---------------------------------------------------------------------------------
Loading part: xc7a35tcpg236-1
---------------------------------------------------------------------------------
Finished Loading Part and Timing Information : Time (s): cpu = 00:00:39 ; elapsed = 00:00:48 . Memory (MB): peak = 1237.121 ; gain = 586.914
---------------------------------------------------------------------------------
---------------------------------------------------------------------------------
Start Applying 'set_property' XDC Constraints
---------------------------------------------------------------------------------
Applied set_property IO_BUFFER_TYPE = NONE for clk. (constraint file  d:/MCI/MicroController/SPI/write_complete/write/collection/collection/collection.srcs/sources_1/ip/clk_wiz_0/clk_wiz_0/clk_wiz_0_in_context.xdc, line 3).
Applied set_property CLOCK_BUFFER_TYPE = NONE for clk. (constraint file  d:/MCI/MicroController/SPI/write_complete/write/collection/collection/collection.srcs/sources_1/ip/clk_wiz_0/clk_wiz_0/clk_wiz_0_in_context.xdc, line 4).
Applied set_property DONT_TOUCH = true for vio_0_inst. (constraint file  auto generated constraint, line ).
Applied set_property DONT_TOUCH = true for collection_inst/ila_0_inst. (constraint file  auto generated constraint, line ).
Applied set_property DONT_TOUCH = true for clk_wiz_0_inst. (constraint file  auto generated constraint, line ).
---------------------------------------------------------------------------------
Finished applying 'set_property' XDC Constraints : Time (s): cpu = 00:00:39 ; elapsed = 00:00:48 . Memory (MB): peak = 1237.121 ; gain = 586.914
---------------------------------------------------------------------------------
INFO: [Synth 8-802] inferred FSM for state register 'ps_reg' in module 'wrapper'
INFO: [Synth 8-5546] ROM "ld_adr" won't be mapped to RAM because it is too sparse
INFO: [Synth 8-5818] HDL ADVISOR - The operator resource <adder> is shared. To prevent sharing consider applying a KEEP on the output of the operator [D:/MCI/MicroController/SPI/write_complete/write/collection/collection/collection.srcs/sources_1/imports/collection/fifo.v:66]
INFO: [Synth 8-4471] merging register 'mem_reg[5][7:0]' into 'mem_reg[1][7:0]' [D:/MCI/MicroController/SPI/write_complete/write/collection/collection/collection.srcs/sources_1/new/auto_fifo_fill.v:54]
INFO: [Synth 8-4471] merging register 'mem_reg[6][7:0]' into 'mem_reg[2][7:0]' [D:/MCI/MicroController/SPI/write_complete/write/collection/collection/collection.srcs/sources_1/new/auto_fifo_fill.v:54]
INFO: [Synth 8-4471] merging register 'mem_reg[7][7:0]' into 'mem_reg[2][7:0]' [D:/MCI/MicroController/SPI/write_complete/write/collection/collection/collection.srcs/sources_1/new/auto_fifo_fill.v:54]
INFO: [Synth 8-4471] merging register 'mem_reg[9][7:0]' into 'mem_reg[1][7:0]' [D:/MCI/MicroController/SPI/write_complete/write/collection/collection/collection.srcs/sources_1/new/auto_fifo_fill.v:54]
INFO: [Synth 8-4471] merging register 'mem_reg[10][7:0]' into 'mem_reg[2][7:0]' [D:/MCI/MicroController/SPI/write_complete/write/collection/collection/collection.srcs/sources_1/new/auto_fifo_fill.v:54]
INFO: [Synth 8-4471] merging register 'mem_reg[11][7:0]' into 'mem_reg[2][7:0]' [D:/MCI/MicroController/SPI/write_complete/write/collection/collection/collection.srcs/sources_1/new/auto_fifo_fill.v:54]
INFO: [Synth 8-4471] merging register 'mem_reg[13][7:0]' into 'mem_reg[1][7:0]' [D:/MCI/MicroController/SPI/write_complete/write/collection/collection/collection.srcs/sources_1/new/auto_fifo_fill.v:54]
INFO: [Synth 8-4471] merging register 'mem_reg[14][7:0]' into 'mem_reg[2][7:0]' [D:/MCI/MicroController/SPI/write_complete/write/collection/collection/collection.srcs/sources_1/new/auto_fifo_fill.v:54]
INFO: [Synth 8-4471] merging register 'mem_reg[17][7:0]' into 'mem_reg[1][7:0]' [D:/MCI/MicroController/SPI/write_complete/write/collection/collection/collection.srcs/sources_1/new/auto_fifo_fill.v:54]
INFO: [Synth 8-4471] merging register 'mem_reg[18][7:0]' into 'mem_reg[2][7:0]' [D:/MCI/MicroController/SPI/write_complete/write/collection/collection/collection.srcs/sources_1/new/auto_fifo_fill.v:54]
INFO: [Synth 8-4471] merging register 'mem_reg[21][7:0]' into 'mem_reg[1][7:0]' [D:/MCI/MicroController/SPI/write_complete/write/collection/collection/collection.srcs/sources_1/new/auto_fifo_fill.v:54]
INFO: [Synth 8-4471] merging register 'mem_reg[22][7:0]' into 'mem_reg[2][7:0]' [D:/MCI/MicroController/SPI/write_complete/write/collection/collection/collection.srcs/sources_1/new/auto_fifo_fill.v:54]
INFO: [Synth 8-4471] merging register 'mem_reg[23][7:0]' into 'mem_reg[3][7:0]' [D:/MCI/MicroController/SPI/write_complete/write/collection/collection/collection.srcs/sources_1/new/auto_fifo_fill.v:54]
INFO: [Synth 8-4471] merging register 'mem_reg[24][7:0]' into 'mem_reg[20][7:0]' [D:/MCI/MicroController/SPI/write_complete/write/collection/collection/collection.srcs/sources_1/new/auto_fifo_fill.v:54]
INFO: [Synth 8-4471] merging register 'mem_reg[25][7:0]' into 'mem_reg[1][7:0]' [D:/MCI/MicroController/SPI/write_complete/write/collection/collection/collection.srcs/sources_1/new/auto_fifo_fill.v:54]
INFO: [Synth 8-4471] merging register 'mem_reg[26][7:0]' into 'mem_reg[2][7:0]' [D:/MCI/MicroController/SPI/write_complete/write/collection/collection/collection.srcs/sources_1/new/auto_fifo_fill.v:54]
INFO: [Synth 8-4471] merging register 'mem_reg[27][7:0]' into 'mem_reg[2][7:0]' [D:/MCI/MicroController/SPI/write_complete/write/collection/collection/collection.srcs/sources_1/new/auto_fifo_fill.v:54]
INFO: [Synth 8-4471] merging register 'mem_reg[28][7:0]' into 'mem_reg[20][7:0]' [D:/MCI/MicroController/SPI/write_complete/write/collection/collection/collection.srcs/sources_1/new/auto_fifo_fill.v:54]
INFO: [Synth 8-4471] merging register 'mem_reg[29][7:0]' into 'mem_reg[1][7:0]' [D:/MCI/MicroController/SPI/write_complete/write/collection/collection/collection.srcs/sources_1/new/auto_fifo_fill.v:54]
INFO: [Synth 8-4471] merging register 'mem_reg[30][7:0]' into 'mem_reg[2][7:0]' [D:/MCI/MicroController/SPI/write_complete/write/collection/collection/collection.srcs/sources_1/new/auto_fifo_fill.v:54]
INFO: [Synth 8-4471] merging register 'mem_reg[31][7:0]' into 'mem_reg[15][7:0]' [D:/MCI/MicroController/SPI/write_complete/write/collection/collection/collection.srcs/sources_1/new/auto_fifo_fill.v:54]
INFO: [Synth 8-4471] merging register 'mem_reg[32][7:0]' into 'mem_reg[8][7:0]' [D:/MCI/MicroController/SPI/write_complete/write/collection/collection/collection.srcs/sources_1/new/auto_fifo_fill.v:54]
INFO: [Synth 8-4471] merging register 'mem_reg[33][7:0]' into 'mem_reg[1][7:0]' [D:/MCI/MicroController/SPI/write_complete/write/collection/collection/collection.srcs/sources_1/new/auto_fifo_fill.v:54]
INFO: [Synth 8-4471] merging register 'mem_reg[34][7:0]' into 'mem_reg[2][7:0]' [D:/MCI/MicroController/SPI/write_complete/write/collection/collection/collection.srcs/sources_1/new/auto_fifo_fill.v:54]
INFO: [Synth 8-4471] merging register 'mem_reg[35][7:0]' into 'mem_reg[19][7:0]' [D:/MCI/MicroController/SPI/write_complete/write/collection/collection/collection.srcs/sources_1/new/auto_fifo_fill.v:54]
INFO: [Synth 8-4471] merging register 'mem_reg[36][7:0]' into 'mem_reg[8][7:0]' [D:/MCI/MicroController/SPI/write_complete/write/collection/collection/collection.srcs/sources_1/new/auto_fifo_fill.v:54]
INFO: [Synth 8-4471] merging register 'mem_reg[37][7:0]' into 'mem_reg[1][7:0]' [D:/MCI/MicroController/SPI/write_complete/write/collection/collection/collection.srcs/sources_1/new/auto_fifo_fill.v:54]
INFO: [Synth 8-4471] merging register 'mem_reg[38][7:0]' into 'mem_reg[2][7:0]' [D:/MCI/MicroController/SPI/write_complete/write/collection/collection/collection.srcs/sources_1/new/auto_fifo_fill.v:54]
INFO: [Synth 8-4471] merging register 'mem_reg[39][7:0]' into 'mem_reg[19][7:0]' [D:/MCI/MicroController/SPI/write_complete/write/collection/collection/collection.srcs/sources_1/new/auto_fifo_fill.v:54]
INFO: [Synth 8-4471] merging register 'mem_reg[41][7:0]' into 'mem_reg[1][7:0]' [D:/MCI/MicroController/SPI/write_complete/write/collection/collection/collection.srcs/sources_1/new/auto_fifo_fill.v:54]
INFO: [Synth 8-4471] merging register 'mem_reg[42][7:0]' into 'mem_reg[2][7:0]' [D:/MCI/MicroController/SPI/write_complete/write/collection/collection/collection.srcs/sources_1/new/auto_fifo_fill.v:54]
INFO: [Synth 8-4471] merging register 'mem_reg[43][7:0]' into 'mem_reg[2][7:0]' [D:/MCI/MicroController/SPI/write_complete/write/collection/collection/collection.srcs/sources_1/new/auto_fifo_fill.v:54]
INFO: [Synth 8-4471] merging register 'mem_reg[44][7:0]' into 'mem_reg[8][7:0]' [D:/MCI/MicroController/SPI/write_complete/write/collection/collection/collection.srcs/sources_1/new/auto_fifo_fill.v:54]
INFO: [Synth 8-4471] merging register 'mem_reg[45][7:0]' into 'mem_reg[1][7:0]' [D:/MCI/MicroController/SPI/write_complete/write/collection/collection/collection.srcs/sources_1/new/auto_fifo_fill.v:54]
INFO: [Synth 8-4471] merging register 'mem_reg[46][7:0]' into 'mem_reg[2][7:0]' [D:/MCI/MicroController/SPI/write_complete/write/collection/collection/collection.srcs/sources_1/new/auto_fifo_fill.v:54]
INFO: [Synth 8-4471] merging register 'mem_reg[47][7:0]' into 'mem_reg[15][7:0]' [D:/MCI/MicroController/SPI/write_complete/write/collection/collection/collection.srcs/sources_1/new/auto_fifo_fill.v:54]
INFO: [Synth 8-4471] merging register 'mem_reg[48][7:0]' into 'mem_reg[16][7:0]' [D:/MCI/MicroController/SPI/write_complete/write/collection/collection/collection.srcs/sources_1/new/auto_fifo_fill.v:54]
INFO: [Synth 8-4471] merging register 'mem_reg[49][7:0]' into 'mem_reg[1][7:0]' [D:/MCI/MicroController/SPI/write_complete/write/collection/collection/collection.srcs/sources_1/new/auto_fifo_fill.v:54]
INFO: [Synth 8-4471] merging register 'mem_reg[50][7:0]' into 'mem_reg[2][7:0]' [D:/MCI/MicroController/SPI/write_complete/write/collection/collection/collection.srcs/sources_1/new/auto_fifo_fill.v:54]
INFO: [Synth 8-4471] merging register 'mem_reg[51][7:0]' into 'mem_reg[19][7:0]' [D:/MCI/MicroController/SPI/write_complete/write/collection/collection/collection.srcs/sources_1/new/auto_fifo_fill.v:54]
INFO: [Synth 8-4471] merging register 'mem_reg[52][7:0]' into 'mem_reg[16][7:0]' [D:/MCI/MicroController/SPI/write_complete/write/collection/collection/collection.srcs/sources_1/new/auto_fifo_fill.v:54]
INFO: [Synth 8-4471] merging register 'mem_reg[53][7:0]' into 'mem_reg[1][7:0]' [D:/MCI/MicroController/SPI/write_complete/write/collection/collection/collection.srcs/sources_1/new/auto_fifo_fill.v:54]
INFO: [Synth 8-4471] merging register 'mem_reg[54][7:0]' into 'mem_reg[2][7:0]' [D:/MCI/MicroController/SPI/write_complete/write/collection/collection/collection.srcs/sources_1/new/auto_fifo_fill.v:54]
INFO: [Synth 8-4471] merging register 'mem_reg[55][7:0]' into 'mem_reg[3][7:0]' [D:/MCI/MicroController/SPI/write_complete/write/collection/collection/collection.srcs/sources_1/new/auto_fifo_fill.v:54]
INFO: [Synth 8-4471] merging register 'mem_reg[56][7:0]' into 'mem_reg[16][7:0]' [D:/MCI/MicroController/SPI/write_complete/write/collection/collection/collection.srcs/sources_1/new/auto_fifo_fill.v:54]
INFO: [Synth 8-4471] merging register 'mem_reg[57][7:0]' into 'mem_reg[1][7:0]' [D:/MCI/MicroController/SPI/write_complete/write/collection/collection/collection.srcs/sources_1/new/auto_fifo_fill.v:54]
INFO: [Synth 8-4471] merging register 'mem_reg[58][7:0]' into 'mem_reg[2][7:0]' [D:/MCI/MicroController/SPI/write_complete/write/collection/collection/collection.srcs/sources_1/new/auto_fifo_fill.v:54]
INFO: [Synth 8-4471] merging register 'mem_reg[59][7:0]' into 'mem_reg[2][7:0]' [D:/MCI/MicroController/SPI/write_complete/write/collection/collection/collection.srcs/sources_1/new/auto_fifo_fill.v:54]
INFO: [Synth 8-4471] merging register 'mem_reg[60][7:0]' into 'mem_reg[16][7:0]' [D:/MCI/MicroController/SPI/write_complete/write/collection/collection/collection.srcs/sources_1/new/auto_fifo_fill.v:54]
INFO: [Synth 8-4471] merging register 'mem_reg[61][7:0]' into 'mem_reg[1][7:0]' [D:/MCI/MicroController/SPI/write_complete/write/collection/collection/collection.srcs/sources_1/new/auto_fifo_fill.v:54]
INFO: [Synth 8-4471] merging register 'mem_reg[62][7:0]' into 'mem_reg[2][7:0]' [D:/MCI/MicroController/SPI/write_complete/write/collection/collection/collection.srcs/sources_1/new/auto_fifo_fill.v:54]
INFO: [Synth 8-4471] merging register 'mem_reg[63][7:0]' into 'mem_reg[15][7:0]' [D:/MCI/MicroController/SPI/write_complete/write/collection/collection/collection.srcs/sources_1/new/auto_fifo_fill.v:54]
INFO: [Synth 8-4471] merging register 'mem_reg[64][7:0]' into 'mem_reg[40][7:0]' [D:/MCI/MicroController/SPI/write_complete/write/collection/collection/collection.srcs/sources_1/new/auto_fifo_fill.v:54]
INFO: [Synth 8-4471] merging register 'mem_reg[65][7:0]' into 'mem_reg[1][7:0]' [D:/MCI/MicroController/SPI/write_complete/write/collection/collection/collection.srcs/sources_1/new/auto_fifo_fill.v:54]
INFO: [Synth 8-4471] merging register 'mem_reg[66][7:0]' into 'mem_reg[2][7:0]' [D:/MCI/MicroController/SPI/write_complete/write/collection/collection/collection.srcs/sources_1/new/auto_fifo_fill.v:54]
INFO: [Synth 8-4471] merging register 'mem_reg[67][7:0]' into 'mem_reg[19][7:0]' [D:/MCI/MicroController/SPI/write_complete/write/collection/collection/collection.srcs/sources_1/new/auto_fifo_fill.v:54]
INFO: [Synth 8-4471] merging register 'mem_reg[68][7:0]' into 'mem_reg[40][7:0]' [D:/MCI/MicroController/SPI/write_complete/write/collection/collection/collection.srcs/sources_1/new/auto_fifo_fill.v:54]
INFO: [Synth 8-4471] merging register 'mem_reg[69][7:0]' into 'mem_reg[1][7:0]' [D:/MCI/MicroController/SPI/write_complete/write/collection/collection/collection.srcs/sources_1/new/auto_fifo_fill.v:54]
INFO: [Synth 8-4471] merging register 'mem_reg[70][7:0]' into 'mem_reg[2][7:0]' [D:/MCI/MicroController/SPI/write_complete/write/collection/collection/collection.srcs/sources_1/new/auto_fifo_fill.v:54]
INFO: [Synth 8-4471] merging register 'mem_reg[71][7:0]' into 'mem_reg[3][7:0]' [D:/MCI/MicroController/SPI/write_complete/write/collection/collection/collection.srcs/sources_1/new/auto_fifo_fill.v:54]
INFO: [Synth 8-4471] merging register 'mem_reg[72][7:0]' into 'mem_reg[40][7:0]' [D:/MCI/MicroController/SPI/write_complete/write/collection/collection/collection.srcs/sources_1/new/auto_fifo_fill.v:54]
INFO: [Synth 8-4471] merging register 'mem_reg[73][7:0]' into 'mem_reg[1][7:0]' [D:/MCI/MicroController/SPI/write_complete/write/collection/collection/collection.srcs/sources_1/new/auto_fifo_fill.v:54]
INFO: [Synth 8-4471] merging register 'mem_reg[74][7:0]' into 'mem_reg[2][7:0]' [D:/MCI/MicroController/SPI/write_complete/write/collection/collection/collection.srcs/sources_1/new/auto_fifo_fill.v:54]
INFO: [Synth 8-4471] merging register 'mem_reg[75][7:0]' into 'mem_reg[2][7:0]' [D:/MCI/MicroController/SPI/write_complete/write/collection/collection/collection.srcs/sources_1/new/auto_fifo_fill.v:54]
INFO: [Synth 8-4471] merging register 'mem_reg[76][7:0]' into 'mem_reg[40][7:0]' [D:/MCI/MicroController/SPI/write_complete/write/collection/collection/collection.srcs/sources_1/new/auto_fifo_fill.v:54]
INFO: [Synth 8-4471] merging register 'mem_reg[77][7:0]' into 'mem_reg[1][7:0]' [D:/MCI/MicroController/SPI/write_complete/write/collection/collection/collection.srcs/sources_1/new/auto_fifo_fill.v:54]
INFO: [Synth 8-4471] merging register 'mem_reg[78][7:0]' into 'mem_reg[2][7:0]' [D:/MCI/MicroController/SPI/write_complete/write/collection/collection/collection.srcs/sources_1/new/auto_fifo_fill.v:54]
INFO: [Synth 8-4471] merging register 'mem_reg[79][7:0]' into 'mem_reg[15][7:0]' [D:/MCI/MicroController/SPI/write_complete/write/collection/collection/collection.srcs/sources_1/new/auto_fifo_fill.v:54]
INFO: [Synth 8-4471] merging register 'mem_reg[81][7:0]' into 'mem_reg[1][7:0]' [D:/MCI/MicroController/SPI/write_complete/write/collection/collection/collection.srcs/sources_1/new/auto_fifo_fill.v:54]
INFO: [Synth 8-4471] merging register 'mem_reg[82][7:0]' into 'mem_reg[2][7:0]' [D:/MCI/MicroController/SPI/write_complete/write/collection/collection/collection.srcs/sources_1/new/auto_fifo_fill.v:54]
INFO: [Synth 8-4471] merging register 'mem_reg[83][7:0]' into 'mem_reg[19][7:0]' [D:/MCI/MicroController/SPI/write_complete/write/collection/collection/collection.srcs/sources_1/new/auto_fifo_fill.v:54]
INFO: [Synth 8-4471] merging register 'mem_reg[84][7:0]' into 'mem_reg[80][7:0]' [D:/MCI/MicroController/SPI/write_complete/write/collection/collection/collection.srcs/sources_1/new/auto_fifo_fill.v:54]
INFO: [Synth 8-4471] merging register 'mem_reg[85][7:0]' into 'mem_reg[1][7:0]' [D:/MCI/MicroController/SPI/write_complete/write/collection/collection/collection.srcs/sources_1/new/auto_fifo_fill.v:54]
INFO: [Synth 8-4471] merging register 'mem_reg[86][7:0]' into 'mem_reg[2][7:0]' [D:/MCI/MicroController/SPI/write_complete/write/collection/collection/collection.srcs/sources_1/new/auto_fifo_fill.v:54]
INFO: [Synth 8-4471] merging register 'mem_reg[87][7:0]' into 'mem_reg[3][7:0]' [D:/MCI/MicroController/SPI/write_complete/write/collection/collection/collection.srcs/sources_1/new/auto_fifo_fill.v:54]
INFO: [Synth 8-4471] merging register 'mem_reg[88][7:0]' into 'mem_reg[80][7:0]' [D:/MCI/MicroController/SPI/write_complete/write/collection/collection/collection.srcs/sources_1/new/auto_fifo_fill.v:54]
INFO: [Synth 8-4471] merging register 'mem_reg[89][7:0]' into 'mem_reg[1][7:0]' [D:/MCI/MicroController/SPI/write_complete/write/collection/collection/collection.srcs/sources_1/new/auto_fifo_fill.v:54]
INFO: [Synth 8-4471] merging register 'mem_reg[90][7:0]' into 'mem_reg[2][7:0]' [D:/MCI/MicroController/SPI/write_complete/write/collection/collection/collection.srcs/sources_1/new/auto_fifo_fill.v:54]
INFO: [Synth 8-4471] merging register 'mem_reg[91][7:0]' into 'mem_reg[2][7:0]' [D:/MCI/MicroController/SPI/write_complete/write/collection/collection/collection.srcs/sources_1/new/auto_fifo_fill.v:54]
INFO: [Synth 8-4471] merging register 'mem_reg[92][7:0]' into 'mem_reg[80][7:0]' [D:/MCI/MicroController/SPI/write_complete/write/collection/collection/collection.srcs/sources_1/new/auto_fifo_fill.v:54]
INFO: [Synth 8-4471] merging register 'mem_reg[93][7:0]' into 'mem_reg[1][7:0]' [D:/MCI/MicroController/SPI/write_complete/write/collection/collection/collection.srcs/sources_1/new/auto_fifo_fill.v:54]
INFO: [Synth 8-4471] merging register 'mem_reg[94][7:0]' into 'mem_reg[2][7:0]' [D:/MCI/MicroController/SPI/write_complete/write/collection/collection/collection.srcs/sources_1/new/auto_fifo_fill.v:54]
INFO: [Synth 8-4471] merging register 'mem_reg[95][7:0]' into 'mem_reg[15][7:0]' [D:/MCI/MicroController/SPI/write_complete/write/collection/collection/collection.srcs/sources_1/new/auto_fifo_fill.v:54]
INFO: [Synth 8-4471] merging register 'mem_reg[97][7:0]' into 'mem_reg[1][7:0]' [D:/MCI/MicroController/SPI/write_complete/write/collection/collection/collection.srcs/sources_1/new/auto_fifo_fill.v:54]
INFO: [Synth 8-4471] merging register 'mem_reg[98][7:0]' into 'mem_reg[2][7:0]' [D:/MCI/MicroController/SPI/write_complete/write/collection/collection/collection.srcs/sources_1/new/auto_fifo_fill.v:54]
INFO: [Synth 8-4471] merging register 'mem_reg[99][7:0]' into 'mem_reg[19][7:0]' [D:/MCI/MicroController/SPI/write_complete/write/collection/collection/collection.srcs/sources_1/new/auto_fifo_fill.v:54]
INFO: [Synth 8-4471] merging register 'mem_reg[100][7:0]' into 'mem_reg[96][7:0]' [D:/MCI/MicroController/SPI/write_complete/write/collection/collection/collection.srcs/sources_1/new/auto_fifo_fill.v:54]
INFO: [Synth 8-4471] merging register 'mem_reg[101][7:0]' into 'mem_reg[1][7:0]' [D:/MCI/MicroController/SPI/write_complete/write/collection/collection/collection.srcs/sources_1/new/auto_fifo_fill.v:54]
INFO: [Synth 8-4471] merging register 'mem_reg[102][7:0]' into 'mem_reg[2][7:0]' [D:/MCI/MicroController/SPI/write_complete/write/collection/collection/collection.srcs/sources_1/new/auto_fifo_fill.v:54]
INFO: [Synth 8-4471] merging register 'mem_reg[103][7:0]' into 'mem_reg[3][7:0]' [D:/MCI/MicroController/SPI/write_complete/write/collection/collection/collection.srcs/sources_1/new/auto_fifo_fill.v:54]
INFO: [Synth 8-4471] merging register 'mem_reg[104][7:0]' into 'mem_reg[96][7:0]' [D:/MCI/MicroController/SPI/write_complete/write/collection/collection/collection.srcs/sources_1/new/auto_fifo_fill.v:54]
INFO: [Synth 8-4471] merging register 'mem_reg[105][7:0]' into 'mem_reg[1][7:0]' [D:/MCI/MicroController/SPI/write_complete/write/collection/collection/collection.srcs/sources_1/new/auto_fifo_fill.v:54]
INFO: [Synth 8-4471] merging register 'mem_reg[106][7:0]' into 'mem_reg[2][7:0]' [D:/MCI/MicroController/SPI/write_complete/write/collection/collection/collection.srcs/sources_1/new/auto_fifo_fill.v:54]
INFO: [Synth 8-4471] merging register 'mem_reg[107][7:0]' into 'mem_reg[2][7:0]' [D:/MCI/MicroController/SPI/write_complete/write/collection/collection/collection.srcs/sources_1/new/auto_fifo_fill.v:54]
INFO: [Synth 8-4471] merging register 'mem_reg[108][7:0]' into 'mem_reg[96][7:0]' [D:/MCI/MicroController/SPI/write_complete/write/collection/collection/collection.srcs/sources_1/new/auto_fifo_fill.v:54]
INFO: [Synth 8-4471] merging register 'mem_reg[109][7:0]' into 'mem_reg[1][7:0]' [D:/MCI/MicroController/SPI/write_complete/write/collection/collection/collection.srcs/sources_1/new/auto_fifo_fill.v:54]
INFO: [Synth 8-4471] merging register 'mem_reg[110][7:0]' into 'mem_reg[2][7:0]' [D:/MCI/MicroController/SPI/write_complete/write/collection/collection/collection.srcs/sources_1/new/auto_fifo_fill.v:54]
INFO: [Synth 8-4471] merging register 'mem_reg[111][7:0]' into 'mem_reg[15][7:0]' [D:/MCI/MicroController/SPI/write_complete/write/collection/collection/collection.srcs/sources_1/new/auto_fifo_fill.v:54]
INFO: [Synth 8-4471] merging register 'mem_reg[113][7:0]' into 'mem_reg[1][7:0]' [D:/MCI/MicroController/SPI/write_complete/write/collection/collection/collection.srcs/sources_1/new/auto_fifo_fill.v:54]
INFO: [Synth 8-4471] merging register 'mem_reg[114][7:0]' into 'mem_reg[2][7:0]' [D:/MCI/MicroController/SPI/write_complete/write/collection/collection/collection.srcs/sources_1/new/auto_fifo_fill.v:54]
INFO: [Common 17-14] Message 'Synth 8-4471' appears 100 times and further instances of the messages will be disabled. Use the Tcl command set_msg_config to change the current settings.
INFO: [Synth 8-802] inferred FSM for state register 'ps_reg' in module 'auto_fifo_fill'
---------------------------------------------------------------------------------------------------
                   State |                     New Encoding |                Previous Encoding 
---------------------------------------------------------------------------------------------------
                    IDLE |                   00000000000001 |                            00000
                    WRE1 |                   00000000000010 |                            00111
                    WRE2 |                   00000000001000 |                            01000
                   RDST1 |                   00000000010000 |                            01001
                   RDST2 |                   00000000100000 |                            01010
                  STCHCK |                   01000000000000 |                            01011
                  ERASE1 |                   10000000000000 |                            00001
                  ERASE2 |                   00100000000000 |                            00010
                  PAGEP1 |                   00000100000000 |                            00011
                  PAGEP2 |                   00001000000000 |                            00100
                   SENDD |                   00000010000000 |                            00101
                     END |                   00000001000000 |                            00110
                  READD1 |                   00000000000100 |                            01100
                  READD2 |                   00010000000000 |                            01101
---------------------------------------------------------------------------------------------------
INFO: [Synth 8-3354] encoded FSM with state register 'ps_reg' using encoding 'one-hot' in module 'wrapper'
WARNING: [Synth 8-327] inferring latch for variable 'SCK_reg' [D:/MCI/MicroController/SPI/write_complete/write/collection/collection/collection.srcs/sources_1/imports/collection/flash_cms.v:173]
WARNING: [Synth 8-327] inferring latch for variable 'CSbar_reg' [D:/MCI/MicroController/SPI/write_complete/write/collection/collection/collection.srcs/sources_1/imports/collection/flash_cms.v:172]
WARNING: [Synth 8-327] inferring latch for variable 'FSM_sequential_ns_reg' [D:/MCI/MicroController/SPI/write_complete/write/collection/collection/collection.srcs/sources_1/new/auto_fifo_fill.v:2676]
WARNING: [Synth 8-327] inferring latch for variable 'FSM_onehot_ns_reg' [D:/MCI/MicroController/SPI/write_complete/write/collection/collection/collection.srcs/sources_1/new/auto_fifo_fill.v:2676]
---------------------------------------------------------------------------------------------------
                   State |                     New Encoding |                Previous Encoding 
---------------------------------------------------------------------------------------------------
                    IDLE |                               00 |                             0000
                    INIT |                               01 |                             0001
                    PASS |                               10 |                             0010
                     END |                               11 |                             0011
---------------------------------------------------------------------------------------------------
INFO: [Synth 8-3354] encoded FSM with state register 'ps_reg' using encoding 'sequential' in module 'auto_fifo_fill'
WARNING: [Synth 8-327] inferring latch for variable 'FSM_sequential_ns_reg' [D:/MCI/MicroController/SPI/write_complete/write/collection/collection/collection.srcs/sources_1/new/auto_fifo_fill.v:2676]
WARNING: [Synth 8-327] inferring latch for variable 'cen_reg' [D:/MCI/MicroController/SPI/write_complete/write/collection/collection/collection.srcs/sources_1/new/auto_fifo_fill.v:2699]
WARNING: [Synth 8-327] inferring latch for variable 'direct_buf_in_reg' [D:/MCI/MicroController/SPI/write_complete/write/collection/collection/collection.srcs/sources_1/new/auto_fifo_fill.v:2698]
---------------------------------------------------------------------------------
Finished RTL Optimization Phase 2 : Time (s): cpu = 00:00:54 ; elapsed = 00:01:03 . Memory (MB): peak = 1237.121 ; gain = 586.914
---------------------------------------------------------------------------------

Report RTL Partitions: 
+-+--------------+------------+----------+
| |RTL Partition |Replication |Instances |
+-+--------------+------------+----------+
+-+--------------+------------+----------+
---------------------------------------------------------------------------------
Start RTL Component Statistics 
---------------------------------------------------------------------------------
Detailed RTL Component Info : 
+---Adders : 
	   2 Input     12 Bit       Adders := 1     
	   2 Input      2 Bit       Adders := 1     
+---Registers : 
	               32 Bit    Registers := 2     
	               24 Bit    Registers := 2     
	                8 Bit    Registers := 155   
	                3 Bit    Registers := 1     
	                2 Bit    Registers := 4     
	                1 Bit    Registers := 8     
+---RAMs : 
	              32K Bit         RAMs := 1     
+---Muxes : 
	   2 Input     24 Bit        Muxes := 1     
	  14 Input     14 Bit        Muxes := 1     
	   2 Input     14 Bit        Muxes := 17    
	   2 Input      8 Bit        Muxes := 5     
	   4 Input      8 Bit        Muxes := 1     
	4096 Input      8 Bit        Muxes := 1     
	 146 Input      8 Bit        Muxes := 1     
	  14 Input      6 Bit        Muxes := 1     
	  14 Input      5 Bit        Muxes := 1     
	   3 Input      4 Bit        Muxes := 1     
	   2 Input      4 Bit        Muxes := 2     
	  14 Input      4 Bit        Muxes := 1     
	   2 Input      3 Bit        Muxes := 3     
	   3 Input      3 Bit        Muxes := 2     
	   7 Input      3 Bit        Muxes := 1     
	   4 Input      3 Bit        Muxes := 2     
	   2 Input      2 Bit        Muxes := 5     
	   3 Input      2 Bit        Muxes := 1     
	   4 Input      2 Bit        Muxes := 1     
	   2 Input      1 Bit        Muxes := 21    
	  14 Input      1 Bit        Muxes := 4     
	   8 Input      1 Bit        Muxes := 12    
	   9 Input      1 Bit        Muxes := 3     
	   4 Input      1 Bit        Muxes := 2     
---------------------------------------------------------------------------------
Finished RTL Component Statistics 
---------------------------------------------------------------------------------
---------------------------------------------------------------------------------
Start RTL Hierarchical Component Statistics 
---------------------------------------------------------------------------------
Hierarchical RTL Component report 
Module wrapper 
Detailed RTL Component Info : 
+---Registers : 
	               32 Bit    Registers := 1     
	                8 Bit    Registers := 2     
	                2 Bit    Registers := 1     
	                1 Bit    Registers := 3     
+---Muxes : 
	  14 Input     14 Bit        Muxes := 1     
	   2 Input     14 Bit        Muxes := 17    
	   2 Input      8 Bit        Muxes := 1     
	  14 Input      6 Bit        Muxes := 1     
	  14 Input      5 Bit        Muxes := 1     
	   3 Input      4 Bit        Muxes := 1     
	   2 Input      4 Bit        Muxes := 2     
	  14 Input      4 Bit        Muxes := 1     
	   2 Input      3 Bit        Muxes := 2     
	   3 Input      3 Bit        Muxes := 2     
	   2 Input      1 Bit        Muxes := 4     
	  14 Input      1 Bit        Muxes := 4     
Module fifo 
Detailed RTL Component Info : 
+---Adders : 
	   2 Input     12 Bit       Adders := 1     
+---Registers : 
	                8 Bit    Registers := 1     
+---RAMs : 
	              32K Bit         RAMs := 1     
+---Muxes : 
	   2 Input      1 Bit        Muxes := 1     
Module counter 
Detailed RTL Component Info : 
+---Muxes : 
	   2 Input      1 Bit        Muxes := 1     
Module counter__parameterized0 
Detailed RTL Component Info : 
+---Adders : 
	   2 Input      2 Bit       Adders := 1     
+---Registers : 
	                2 Bit    Registers := 1     
+---Muxes : 
	   2 Input      2 Bit        Muxes := 1     
	   2 Input      1 Bit        Muxes := 1     
Module flash_cms 
Detailed RTL Component Info : 
+---Registers : 
	               24 Bit    Registers := 1     
	                8 Bit    Registers := 5     
	                3 Bit    Registers := 1     
	                1 Bit    Registers := 3     
+---Muxes : 
	   2 Input     24 Bit        Muxes := 1     
	   2 Input      8 Bit        Muxes := 1     
	   4 Input      8 Bit        Muxes := 1     
	   7 Input      3 Bit        Muxes := 1     
	   4 Input      3 Bit        Muxes := 2     
	   2 Input      3 Bit        Muxes := 1     
	   2 Input      2 Bit        Muxes := 1     
	   3 Input      2 Bit        Muxes := 1     
	   2 Input      1 Bit        Muxes := 9     
	   8 Input      1 Bit        Muxes := 12    
	   9 Input      1 Bit        Muxes := 3     
Module collection 
Detailed RTL Component Info : 
+---Registers : 
	               32 Bit    Registers := 1     
	               24 Bit    Registers := 1     
	                8 Bit    Registers := 1     
	                2 Bit    Registers := 2     
	                1 Bit    Registers := 2     
+---Muxes : 
	   2 Input      8 Bit        Muxes := 3     
	   2 Input      1 Bit        Muxes := 4     
Module auto_fifo_fill 
Detailed RTL Component Info : 
+---Registers : 
	                8 Bit    Registers := 146   
+---Muxes : 
	4096 Input      8 Bit        Muxes := 1     
	 146 Input      8 Bit        Muxes := 1     
	   4 Input      2 Bit        Muxes := 1     
	   2 Input      2 Bit        Muxes := 3     
	   2 Input      1 Bit        Muxes := 1     
	   4 Input      1 Bit        Muxes := 2     
---------------------------------------------------------------------------------
Finished RTL Hierarchical Component Statistics
---------------------------------------------------------------------------------
---------------------------------------------------------------------------------
Start Part Resource Summary
---------------------------------------------------------------------------------
Part Resources:
DSPs: 90 (col length:60)
BRAMs: 100 (col length: RAMB18 60 RAMB36 30)
---------------------------------------------------------------------------------
Finished Part Resource Summary
---------------------------------------------------------------------------------
---------------------------------------------------------------------------------
Start Cross Boundary and Area Optimization
---------------------------------------------------------------------------------
Warning: Parallel synthesis criteria is not met 
INFO: [Synth 8-3333] propagating constant 1 across sequential element (auto_fifo_fill_inst/cen_reg)
INFO: [Synth 8-3333] propagating constant 0 across sequential element (auto_fifo_fill_inst/\mem_reg[2590][0] )
INFO: [Synth 8-3333] propagating constant 1 across sequential element (auto_fifo_fill_inst/\mem_reg[2584][0] )
INFO: [Synth 8-3333] propagating constant 1 across sequential element (auto_fifo_fill_inst/\mem_reg[2578][0] )
INFO: [Synth 8-3333] propagating constant 0 across sequential element (auto_fifo_fill_inst/\mem_reg[2577][0] )
INFO: [Synth 8-3333] propagating constant 0 across sequential element (auto_fifo_fill_inst/\mem_reg[2550][0] )
INFO: [Synth 8-3333] propagating constant 0 across sequential element (auto_fifo_fill_inst/\mem_reg[2474][0] )
INFO: [Synth 8-3333] propagating constant 0 across sequential element (auto_fifo_fill_inst/\mem_reg[2446][0] )
INFO: [Synth 8-3333] propagating constant 0 across sequential element (auto_fifo_fill_inst/\mem_reg[2439][0] )
INFO: [Synth 8-3333] propagating constant 1 across sequential element (auto_fifo_fill_inst/\mem_reg[2272][0] )
INFO: [Synth 8-3333] propagating constant 0 across sequential element (auto_fifo_fill_inst/\mem_reg[2264][0] )
INFO: [Synth 8-3333] propagating constant 0 across sequential element (auto_fifo_fill_inst/\mem_reg[2250][0] )
INFO: [Synth 8-3333] propagating constant 0 across sequential element (auto_fifo_fill_inst/\mem_reg[2236][0] )
INFO: [Synth 8-3333] propagating constant 1 across sequential element (auto_fifo_fill_inst/\mem_reg[2216][0] )
INFO: [Synth 8-3333] propagating constant 1 across sequential element (auto_fifo_fill_inst/\mem_reg[2152][0] )
INFO: [Synth 8-3333] propagating constant 0 across sequential element (auto_fifo_fill_inst/\mem_reg[2144][0] )
INFO: [Synth 8-3333] propagating constant 0 across sequential element (auto_fifo_fill_inst/\mem_reg[1960][0] )
INFO: [Synth 8-3333] propagating constant 0 across sequential element (auto_fifo_fill_inst/\mem_reg[2596][0] )
INFO: [Synth 8-3333] propagating constant 0 across sequential element (auto_fifo_fill_inst/\mem_reg[2593][0] )
INFO: [Synth 8-3333] propagating constant 0 across sequential element (auto_fifo_fill_inst/\mem_reg[2591][0] )
INFO: [Synth 8-3333] propagating constant 1 across sequential element (auto_fifo_fill_inst/\mem_reg[1952][0] )
INFO: [Synth 8-3333] propagating constant 0 across sequential element (auto_fifo_fill_inst/\mem_reg[1940][0] )
INFO: [Synth 8-3333] propagating constant 0 across sequential element (auto_fifo_fill_inst/\mem_reg[1938][0] )
INFO: [Synth 8-3333] propagating constant 0 across sequential element (auto_fifo_fill_inst/\mem_reg[1900][0] )
INFO: [Synth 8-3333] propagating constant 0 across sequential element (auto_fifo_fill_inst/\mem_reg[1860][0] )
INFO: [Synth 8-3333] propagating constant 1 across sequential element (auto_fifo_fill_inst/\mem_reg[1856][0] )
INFO: [Synth 8-3333] propagating constant 0 across sequential element (auto_fifo_fill_inst/\mem_reg[1848][0] )
INFO: [Synth 8-3333] propagating constant 0 across sequential element (auto_fifo_fill_inst/\mem_reg[1844][0] )
INFO: [Synth 8-3333] propagating constant 0 across sequential element (auto_fifo_fill_inst/\mem_reg[1794][0] )
INFO: [Synth 8-3333] propagating constant 1 across sequential element (auto_fifo_fill_inst/\mem_reg[1785][0] )
INFO: [Synth 8-3333] propagating constant 0 across sequential element (auto_fifo_fill_inst/\mem_reg[1435][0] )
INFO: [Synth 8-3333] propagating constant 1 across sequential element (auto_fifo_fill_inst/\mem_reg[1415][0] )
INFO: [Synth 8-3333] propagating constant 1 across sequential element (auto_fifo_fill_inst/\mem_reg[1407][0] )
INFO: [Synth 8-3333] propagating constant 0 across sequential element (auto_fifo_fill_inst/\mem_reg[1218][0] )
INFO: [Synth 8-3333] propagating constant 0 across sequential element (auto_fifo_fill_inst/\mem_reg[1195][0] )
INFO: [Synth 8-3333] propagating constant 1 across sequential element (auto_fifo_fill_inst/\mem_reg[1056][0] )
INFO: [Synth 8-3333] propagating constant 0 across sequential element (auto_fifo_fill_inst/\mem_reg[1048][0] )
INFO: [Synth 8-3333] propagating constant 1 across sequential element (auto_fifo_fill_inst/\mem_reg[999][0] )
INFO: [Synth 8-3333] propagating constant 0 across sequential element (auto_fifo_fill_inst/\mem_reg[959][0] )
INFO: [Synth 8-3333] propagating constant 0 across sequential element (auto_fifo_fill_inst/\mem_reg[823][0] )
INFO: [Synth 8-3333] propagating constant 1 across sequential element (auto_fifo_fill_inst/\mem_reg[819][0] )
INFO: [Synth 8-3333] propagating constant 1 across sequential element (auto_fifo_fill_inst/\mem_reg[746][0] )
INFO: [Synth 8-3333] propagating constant 1 across sequential element (auto_fifo_fill_inst/\mem_reg[739][0] )
INFO: [Synth 8-3333] propagating constant 1 across sequential element (auto_fifo_fill_inst/\mem_reg[736][0] )
INFO: [Synth 8-3333] propagating constant 1 across sequential element (auto_fifo_fill_inst/\mem_reg[735][0] )
INFO: [Synth 8-3333] propagating constant 1 across sequential element (auto_fifo_fill_inst/\mem_reg[734][0] )
INFO: [Synth 8-3333] propagating constant 0 across sequential element (auto_fifo_fill_inst/\mem_reg[724][0] )
INFO: [Synth 8-3333] propagating constant 1 across sequential element (auto_fifo_fill_inst/\mem_reg[722][0] )
INFO: [Synth 8-3333] propagating constant 0 across sequential element (auto_fifo_fill_inst/\mem_reg[719][0] )
INFO: [Synth 8-3333] propagating constant 0 across sequential element (auto_fifo_fill_inst/\mem_reg[715][0] )
INFO: [Synth 8-3333] propagating constant 0 across sequential element (auto_fifo_fill_inst/\mem_reg[704][0] )
INFO: [Synth 8-3333] propagating constant 1 across sequential element (auto_fifo_fill_inst/\mem_reg[680][0] )
INFO: [Synth 8-3333] propagating constant 0 across sequential element (auto_fifo_fill_inst/\mem_reg[668][0] )
INFO: [Synth 8-3333] propagating constant 1 across sequential element (auto_fifo_fill_inst/\mem_reg[664][0] )
INFO: [Synth 8-3333] propagating constant 1 across sequential element (auto_fifo_fill_inst/\mem_reg[663][0] )
INFO: [Synth 8-3333] propagating constant 0 across sequential element (auto_fifo_fill_inst/\mem_reg[662][0] )
INFO: [Synth 8-3333] propagating constant 1 across sequential element (auto_fifo_fill_inst/\mem_reg[656][0] )
INFO: [Synth 8-3333] propagating constant 1 across sequential element (auto_fifo_fill_inst/\mem_reg[641][0] )
INFO: [Synth 8-3333] propagating constant 0 across sequential element (auto_fifo_fill_inst/\mem_reg[632][0] )
INFO: [Synth 8-3333] propagating constant 1 across sequential element (auto_fifo_fill_inst/\mem_reg[626][0] )
INFO: [Synth 8-3333] propagating constant 1 across sequential element (auto_fifo_fill_inst/\mem_reg[561][0] )
INFO: [Synth 8-3333] propagating constant 1 across sequential element (auto_fifo_fill_inst/\mem_reg[535][0] )
INFO: [Synth 8-3333] propagating constant 1 across sequential element (auto_fifo_fill_inst/\mem_reg[531][0] )
INFO: [Synth 8-3333] propagating constant 0 across sequential element (auto_fifo_fill_inst/\mem_reg[528][0] )
INFO: [Synth 8-3333] propagating constant 1 across sequential element (auto_fifo_fill_inst/\mem_reg[527][0] )
INFO: [Synth 8-3333] propagating constant 0 across sequential element (auto_fifo_fill_inst/\mem_reg[522][0] )
INFO: [Synth 8-3333] propagating constant 1 across sequential element (auto_fifo_fill_inst/\mem_reg[519][0] )
INFO: [Synth 8-3333] propagating constant 0 across sequential element (auto_fifo_fill_inst/\mem_reg[518][0] )
INFO: [Synth 8-3333] propagating constant 1 across sequential element (auto_fifo_fill_inst/\mem_reg[515][0] )
INFO: [Synth 8-3333] propagating constant 1 across sequential element (auto_fifo_fill_inst/\mem_reg[511][0] )
INFO: [Synth 8-3333] propagating constant 1 across sequential element (auto_fifo_fill_inst/\mem_reg[507][0] )
INFO: [Synth 8-3333] propagating constant 1 across sequential element (auto_fifo_fill_inst/\mem_reg[503][0] )
INFO: [Synth 8-3333] propagating constant 1 across sequential element (auto_fifo_fill_inst/\mem_reg[499][0] )
INFO: [Synth 8-3333] propagating constant 1 across sequential element (auto_fifo_fill_inst/\mem_reg[495][0] )
INFO: [Synth 8-3333] propagating constant 1 across sequential element (auto_fifo_fill_inst/\mem_reg[488][0] )
INFO: [Synth 8-3333] propagating constant 1 across sequential element (auto_fifo_fill_inst/\mem_reg[485][0] )
INFO: [Synth 8-3333] propagating constant 1 across sequential element (auto_fifo_fill_inst/\mem_reg[471][0] )
INFO: [Synth 8-3333] propagating constant 1 across sequential element (auto_fifo_fill_inst/\mem_reg[470][0] )
INFO: [Synth 8-3333] propagating constant 1 across sequential element (auto_fifo_fill_inst/\mem_reg[457][0] )
INFO: [Synth 8-3333] propagating constant 1 across sequential element (auto_fifo_fill_inst/\mem_reg[454][0] )
INFO: [Synth 8-3333] propagating constant 1 across sequential element (auto_fifo_fill_inst/\mem_reg[446][0] )
INFO: [Synth 8-3333] propagating constant 1 across sequential element (auto_fifo_fill_inst/\mem_reg[443][0] )
INFO: [Synth 8-3333] propagating constant 0 across sequential element (auto_fifo_fill_inst/\mem_reg[442][0] )
INFO: [Synth 8-3333] propagating constant 1 across sequential element (auto_fifo_fill_inst/\mem_reg[441][0] )
INFO: [Synth 8-3333] propagating constant 1 across sequential element (auto_fifo_fill_inst/\mem_reg[269][0] )
INFO: [Synth 8-3333] propagating constant 0 across sequential element (auto_fifo_fill_inst/\mem_reg[266][0] )
INFO: [Synth 8-3333] propagating constant 0 across sequential element (auto_fifo_fill_inst/\mem_reg[264][0] )
INFO: [Synth 8-3333] propagating constant 1 across sequential element (auto_fifo_fill_inst/\mem_reg[261][0] )
INFO: [Synth 8-3333] propagating constant 1 across sequential element (auto_fifo_fill_inst/\mem_reg[248][0] )
INFO: [Synth 8-3333] propagating constant 0 across sequential element (auto_fifo_fill_inst/\mem_reg[232][0] )
INFO: [Synth 8-3333] propagating constant 1 across sequential element (auto_fifo_fill_inst/\mem_reg[216][0] )
INFO: [Synth 8-3333] propagating constant 0 across sequential element (auto_fifo_fill_inst/\mem_reg[200][0] )
INFO: [Synth 8-3333] propagating constant 0 across sequential element (auto_fifo_fill_inst/\mem_reg[192][0] )
INFO: [Synth 8-3333] propagating constant 0 across sequential element (auto_fifo_fill_inst/\mem_reg[180][0] )
INFO: [Synth 8-3333] propagating constant 1 across sequential element (auto_fifo_fill_inst/\mem_reg[176][0] )
INFO: [Synth 8-3333] propagating constant 1 across sequential element (auto_fifo_fill_inst/\mem_reg[164][0] )
INFO: [Synth 8-3333] propagating constant 0 across sequential element (auto_fifo_fill_inst/\mem_reg[160][0] )
INFO: [Synth 8-3333] propagating constant 0 across sequential element (auto_fifo_fill_inst/\mem_reg[148][0] )
INFO: [Synth 8-3333] propagating constant 1 across sequential element (auto_fifo_fill_inst/\mem_reg[144][0] )
INFO: [Synth 8-3333] propagating constant 0 across sequential element (auto_fifo_fill_inst/\mem_reg[128][0] )
INFO: [Common 17-14] Message 'Synth 8-3333' appears 100 times and further instances of the messages will be disabled. Use the Tcl command set_msg_config to change the current settings.
WARNING: [Synth 8-3332] Sequential element (FSM_sequential_ns_reg[1]) is unused and will be removed from module auto_fifo_fill.
WARNING: [Synth 8-3332] Sequential element (FSM_sequential_ns_reg[0]) is unused and will be removed from module auto_fifo_fill.
WARNING: [Synth 8-3332] Sequential element (cen_reg) is unused and will be removed from module auto_fifo_fill.
---------------------------------------------------------------------------------
Finished Cross Boundary and Area Optimization : Time (s): cpu = 00:02:01 ; elapsed = 00:02:11 . Memory (MB): peak = 1237.121 ; gain = 586.914
---------------------------------------------------------------------------------
---------------------------------------------------------------------------------
Start ROM, RAM, DSP and Shift Register Reporting
---------------------------------------------------------------------------------

Block RAM: Preliminary Mapping  Report (see note below)
+------------+-------------+------------------------+---+---+------------------------+---+---+------------------+--------+--------+
|Module Name | RTL Object  | PORT A (Depth x Width) | W | R | PORT B (Depth x Width) | W | R | Ports driving FF | RAMB18 | RAMB36 | 
+------------+-------------+------------------------+---+---+------------------------+---+---+------------------+--------+--------+
|fifo:       | buf_mem_reg | 4 K x 8(READ_FIRST)    | W |   | 4 K x 8(WRITE_FIRST)   |   | R | Port A and B     | 0      | 1      | 
+------------+-------------+------------------------+---+---+------------------------+---+---+------------------+--------+--------+

Note: The table above is a preliminary report that shows the Block RAMs at the current stage of the synthesis flow. Some Block RAMs may be reimplemented as non Block RAM primitives later in the synthesis flow. Multiple instantiated Block RAMs are reported only once. 
---------------------------------------------------------------------------------
Finished ROM, RAM, DSP and Shift Register Reporting
---------------------------------------------------------------------------------
INFO: [Synth 8-6837] The timing for the instance collection_inst/fifo_inst/i_3/buf_mem_reg (implemented as a Block RAM) might be sub-optimal as no optional output register could be merged into the block ram. Providing additional output register may help in improving timing.

Report RTL Partitions: 
+-+--------------+------------+----------+
| |RTL Partition |Replication |Instances |
+-+--------------+------------+----------+
+-+--------------+------------+----------+
---------------------------------------------------------------------------------
Start Applying XDC Timing Constraints
---------------------------------------------------------------------------------
INFO: [Synth 8-5578] Moved timing constraint from pin 'clk_wiz_0_inst/clk_out1' to pin 'clk_wiz_0_inst/bbstub_clk_out1/O'
INFO: [Synth 8-5819] Moved 1 constraints on hierarchical pins to their respective driving/loading pins
---------------------------------------------------------------------------------
Finished Applying XDC Timing Constraints : Time (s): cpu = 00:02:11 ; elapsed = 00:02:20 . Memory (MB): peak = 1237.121 ; gain = 586.914
---------------------------------------------------------------------------------
---------------------------------------------------------------------------------
Start Timing Optimization
---------------------------------------------------------------------------------
---------------------------------------------------------------------------------
Finished Timing Optimization : Time (s): cpu = 00:02:19 ; elapsed = 00:02:29 . Memory (MB): peak = 1237.121 ; gain = 586.914
---------------------------------------------------------------------------------
---------------------------------------------------------------------------------
Start ROM, RAM, DSP and Shift Register Reporting
---------------------------------------------------------------------------------

Block RAM: Final Mapping  Report
+------------+-------------+------------------------+---+---+------------------------+---+---+------------------+--------+--------+
|Module Name | RTL Object  | PORT A (Depth x Width) | W | R | PORT B (Depth x Width) | W | R | Ports driving FF | RAMB18 | RAMB36 | 
+------------+-------------+------------------------+---+---+------------------------+---+---+------------------+--------+--------+
|fifo:       | buf_mem_reg | 4 K x 8(READ_FIRST)    | W |   | 4 K x 8(WRITE_FIRST)   |   | R | Port A and B     | 0      | 1      | 
+------------+-------------+------------------------+---+---+------------------------+---+---+------------------+--------+--------+

---------------------------------------------------------------------------------
Finished ROM, RAM, DSP and Shift Register Reporting
---------------------------------------------------------------------------------

Report RTL Partitions: 
+-+--------------+------------+----------+
| |RTL Partition |Replication |Instances |
+-+--------------+------------+----------+
+-+--------------+------------+----------+
---------------------------------------------------------------------------------
Start Technology Mapping
---------------------------------------------------------------------------------
INFO: [Synth 8-6837] The timing for the instance collection_inst/fifo_inst/buf_mem_reg (implemented as a Block RAM) might be sub-optimal as no optional output register could be merged into the block ram. Providing additional output register may help in improving timing.
---------------------------------------------------------------------------------
Finished Technology Mapping : Time (s): cpu = 00:02:20 ; elapsed = 00:02:30 . Memory (MB): peak = 1237.121 ; gain = 586.914
---------------------------------------------------------------------------------

Report RTL Partitions: 
+-+--------------+------------+----------+
| |RTL Partition |Replication |Instances |
+-+--------------+------------+----------+
+-+--------------+------------+----------+
---------------------------------------------------------------------------------
Start IO Insertion
---------------------------------------------------------------------------------
---------------------------------------------------------------------------------
Start Flattening Before IO Insertion
---------------------------------------------------------------------------------
---------------------------------------------------------------------------------
Finished Flattening Before IO Insertion
---------------------------------------------------------------------------------
---------------------------------------------------------------------------------
Start Final Netlist Cleanup
---------------------------------------------------------------------------------
---------------------------------------------------------------------------------
Finished Final Netlist Cleanup
---------------------------------------------------------------------------------
WARNING: [Synth 8-3295] tying undriven pin collection_inst:direct_rd_en_buf to constant 0
---------------------------------------------------------------------------------
Finished IO Insertion : Time (s): cpu = 00:02:23 ; elapsed = 00:02:33 . Memory (MB): peak = 1237.121 ; gain = 586.914
---------------------------------------------------------------------------------

Report Check Netlist: 
+------+------------------+-------+---------+-------+------------------+
|      |Item              |Errors |Warnings |Status |Description       |
+------+------------------+-------+---------+-------+------------------+
|1     |multi_driven_nets |      0|        0|Passed |Multi driven nets |
+------+------------------+-------+---------+-------+------------------+
---------------------------------------------------------------------------------
Start Renaming Generated Instances
---------------------------------------------------------------------------------
---------------------------------------------------------------------------------
Finished Renaming Generated Instances : Time (s): cpu = 00:02:23 ; elapsed = 00:02:33 . Memory (MB): peak = 1237.121 ; gain = 586.914
---------------------------------------------------------------------------------

Report RTL Partitions: 
+-+--------------+------------+----------+
| |RTL Partition |Replication |Instances |
+-+--------------+------------+----------+
+-+--------------+------------+----------+
---------------------------------------------------------------------------------
Start Rebuilding User Hierarchy
---------------------------------------------------------------------------------
---------------------------------------------------------------------------------
Finished Rebuilding User Hierarchy : Time (s): cpu = 00:02:23 ; elapsed = 00:02:33 . Memory (MB): peak = 1237.121 ; gain = 586.914
---------------------------------------------------------------------------------
---------------------------------------------------------------------------------
Start Renaming Generated Ports
---------------------------------------------------------------------------------
---------------------------------------------------------------------------------
Finished Renaming Generated Ports : Time (s): cpu = 00:02:23 ; elapsed = 00:02:33 . Memory (MB): peak = 1237.121 ; gain = 586.914
---------------------------------------------------------------------------------
---------------------------------------------------------------------------------
Start Handling Custom Attributes
---------------------------------------------------------------------------------
---------------------------------------------------------------------------------
Finished Handling Custom Attributes : Time (s): cpu = 00:02:23 ; elapsed = 00:02:33 . Memory (MB): peak = 1237.121 ; gain = 586.914
---------------------------------------------------------------------------------
---------------------------------------------------------------------------------
Start Renaming Generated Nets
---------------------------------------------------------------------------------
---------------------------------------------------------------------------------
Finished Renaming Generated Nets : Time (s): cpu = 00:02:23 ; elapsed = 00:02:33 . Memory (MB): peak = 1237.121 ; gain = 586.914
---------------------------------------------------------------------------------
---------------------------------------------------------------------------------
Start Writing Synthesis Report
---------------------------------------------------------------------------------

Report BlackBoxes: 
+------+--------------+----------+
|      |BlackBox name |Instances |
+------+--------------+----------+
|1     |ila_0         |         1|
|2     |vio_0         |         1|
|3     |clk_wiz_0     |         1|
+------+--------------+----------+

Report Cell Usage: 
+------+----------+------+
|      |Cell      |Count |
+------+----------+------+
|1     |clk_wiz_0 |     1|
|2     |ila_0     |     1|
|3     |vio_0     |     1|
|4     |CARRY4    |    55|
|5     |LUT1      |     5|
|6     |LUT2      |    89|
|7     |LUT3      |    84|
|8     |LUT4      |    88|
|9     |LUT5      |    60|
|10    |LUT6      |   414|
|11    |MUXF7     |   116|
|12    |MUXF8     |    52|
|13    |RAMB36E1  |     1|
|14    |FDCE      |    87|
|15    |FDRE      |   324|
|16    |FDSE      |     1|
|17    |LD        |    10|
|18    |IBUF      |     2|
|19    |OBUF      |     3|
+------+----------+------+

Report Instance Areas: 
+------+----------------------+------------------------+------+
|      |Instance              |Module                  |Cells |
+------+----------------------+------------------------+------+
|1     |top                   |                        |  1459|
|2     |  collection_inst     |collection              |   767|
|3     |    wrapper_inst      |wrapper                 |   302|
|4     |    fifo_inst         |fifo                    |   100|
|5     |    flash_cms_inst    |flash_cms               |   266|
|6     |      bitCounter      |counter                 |   128|
|7     |      sckcounter      |counter__parameterized0 |    10|
|8     |  auto_fifo_fill_inst |auto_fifo_fill          |   619|
+------+----------------------+------------------------+------+
---------------------------------------------------------------------------------
Finished Writing Synthesis Report : Time (s): cpu = 00:02:23 ; elapsed = 00:02:33 . Memory (MB): peak = 1237.121 ; gain = 586.914
---------------------------------------------------------------------------------
Synthesis finished with 0 errors, 0 critical warnings and 11 warnings.
Synthesis Optimization Runtime : Time (s): cpu = 00:01:49 ; elapsed = 00:02:17 . Memory (MB): peak = 1237.121 ; gain = 382.852
Synthesis Optimization Complete : Time (s): cpu = 00:02:23 ; elapsed = 00:02:33 . Memory (MB): peak = 1237.121 ; gain = 586.914
INFO: [Project 1-571] Translating synthesized netlist
INFO: [Netlist 29-17] Analyzing 234 Unisim elements for replacement
INFO: [Netlist 29-28] Unisim Transformation completed in 0 CPU seconds
INFO: [Project 1-570] Preparing netlist for logic optimization
INFO: [Opt 31-138] Pushed 0 inverter(s) to 0 load pin(s).
Netlist sorting complete. Time (s): cpu = 00:00:00 ; elapsed = 00:00:00 . Memory (MB): peak = 1237.121 ; gain = 0.000
INFO: [Project 1-111] Unisim Transformation Summary:
  A total of 10 instances were transformed.
  LD => LDCE: 10 instances

INFO: [Common 17-83] Releasing license: Synthesis
256 Infos, 23 Warnings, 0 Critical Warnings and 0 Errors encountered.
synth_design completed successfully
synth_design: Time (s): cpu = 00:02:31 ; elapsed = 00:02:46 . Memory (MB): peak = 1237.121 ; gain = 832.559
Netlist sorting complete. Time (s): cpu = 00:00:00 ; elapsed = 00:00:00.001 . Memory (MB): peak = 1237.121 ; gain = 0.000
WARNING: [Constraints 18-5210] No constraints selected for write.
Resolution: This message can indicate that there are no constraints for the design, or it can indicate that the used_in flags are set such that the constraints are ignored. This later case is used when running synth_design to not write synthesis constraints to the resulting checkpoint. Instead, project constraints are read when the synthesized design is opened.
INFO: [Common 17-1381] The checkpoint 'D:/MCI/MicroController/SPI/write_complete/write/collection/collection/collection.runs/synth_1/top.dcp' has been generated.
INFO: [runtcl-4] Executing : report_utilization -file top_utilization_synth.rpt -pb top_utilization_synth.pb
INFO: [Common 17-206] Exiting Vivado at Mon Jun  5 11:03:49 2023...
